<?xml version="1.0" encoding="utf-8"?>
<TestRun id="976d3be2-779d-41c4-9b3c-9950b2cf9870" name="kevin@BEAST-LAPTOP 2026-08-26 18:22:44" runUser="BEAST-LAPTOP\kevin" xmlns="http://microsoft.com/schemas/VisualStudio/TeamTest/2010">
  <Times creation="2026-08-26T18:22:44.3045704-04:00" queuing="2026-08-26T18:22:44.3045706-04:00" start="2026-08-26T18:22:43.2767428-04:00" finish="2026-08-26T18:22:44.3089126-04:00" />
  <TestSettings name="default" id="06412a5d-9702-4b4a-8e22-fab3828f8bf7">
    <Deployment runDeploymentRoot="kevin_BEAST-LAPTOP_2026-08-26_18_22_44" />
  </TestSettings>
  <Results>
    <UnitTestResult executionId="f029804d-c046-4db1-bc01-04dc98d23930" testId="38e78e07-9308-acfc-314d-c366e1337e58" testName="GetSessionAsync_MissingKeyspaceFails" computerName="BEAST-LAPTOP" duration="00:00:00.1524038" startTime="2026-08-26T18:22:43.9975601-04:00" endTime="2026-08-26T18:22:44.1517089-04:00" testType="13cdc9d9-ddb5-4fa4-a97d-d965ccfc6d4b" outcome="Passed" testListId="8c84fa94-04c1-424b-9868-57a2d4851a1d" relativeResultsDirectory="f029804d-c046-4db1-bc01-04dc98d23930" />
    <UnitTestResult executionId="39a72c68-51de-464c-8ab9-0e299e2fbd44" testId="55fd46dc-b012-4596-ec96-5fa169de2b3d" testName="GetSessionAsync_ConnectsToConfiguredKeyspaceAndReusesSession" computerName="BEAST-LAPTOP" duration="00:00:00.2912186" startTime="2026-08-26T18:22:43.6894722-04:00" endTime="2026-08-26T18:22:43.9941266-04:00" testType="13cdc9d9-ddb5-4fa4-a97d-d965ccfc6d4b" outcome="Passed" testListId="8c84fa94-04c1-424b-9868-57a2d4851a1d" relativeResultsDirectory="39a72c68-51de-464c-8ab9-0e299e2fbd44" />
  </Results>
  <TestDefinitions>
    <UnitTest name="GetSessionAsync_ConnectsToConfiguredKeyspaceAndReusesSession" storage="d:\nuviot\cs.cloudstorage\tests\lagovista.storageprovider.tests\bin\debug\net9.0\lagovista.storageprovider.tests.dll" id="55fd46dc-b012-4596-ec96-5fa169de2b3d">
      <TestCategory>
        <TestCategoryItem TestCategory="Cassandra" />
        <TestCategoryItem TestCategory="CassandraInfrastructure" />
      </TestCategory>
      <Execution id="39a72c68-51de-464c-8ab9-0e299e2fbd44" />
      <TestMethod codeBase="D:\NuvIoT\cs.CloudStorage\tests\LagoVista.StorageProvider.Tests\bin\Debug\net9.0\LagoVista.StorageProvider.Tests.dll" adapterTypeName="executor://mstestadapter/v2" className="LagoVista.StorageProvider.Tests.Cassandra.CassandraSessionFactoryIntegrationTests" name="GetSessionAsync_ConnectsToConfiguredKeyspaceAndReusesSession" />
    </UnitTest>
    <UnitTest name="GetSessionAsync_MissingKeyspaceFails" storage="d:\nuviot\cs.cloudstorage\tests\lagovista.storageprovider.tests\bin\debug\net9.0\lagovista.storageprovider.tests.dll" id="38e78e07-9308-acfc-314d-c366e1337e58">
      <TestCategory>
        <TestCategoryItem TestCategory="Cassandra" />
        <TestCategoryItem TestCategory="CassandraInfrastructure" />
      </TestCategory>
      <Execution id="f029804d-c046-4db1-bc01-04dc98d23930" />
      <TestMethod codeBase="D:\NuvIoT\cs.CloudStorage\tests\LagoVista.StorageProvider.Tests\bin\Debug\net9.0\LagoVista.StorageProvider.Tests.dll" adapterTypeName="executor://mstestadapter/v2" className="LagoVista.StorageProvider.Tests.Cassandra.CassandraSessionFactoryIntegrationTests" name="GetSessionAsync_MissingKeyspaceFails" />
    </UnitTest>
  </TestDefinitions>
  <TestEntries>
    <TestEntry testId="38e78e07-9308-acfc-314d-c366e1337e58" executionId="f029804d-c046-4db1-bc01-04dc98d23930" testListId="8c84fa94-04c1-424b-9868-57a2d4851a1d" />
    <TestEntry testId="55fd46dc-b012-4596-ec96-5fa169de2b3d" executionId="39a72c68-51de-464c-8ab9-0e299e2fbd44" testListId="8c84fa94-04c1-424b-9868-57a2d4851a1d" />
  </TestEntries>
  <TestLists>
    <TestList name="Results Not in a List" id="8c84fa94-04c1-424b-9868-57a2d4851a1d" />
    <TestList name="All Loaded Results" id="19431567-8539-422a-85d7-44ee4e166bda" />
  </TestLists>
  <ResultSummary outcome="Completed">
    <Counters total="2" executed="2" passed="2" failed="0" error="0" timeout="0" aborted="0" inconclusive="0" passedButRunAborted="0" notRunnable="0" notExecuted="0" disconnected="0" warning="0" completed="0" inProgress="0" pending="0" />
    <Output>
      <StdOut>NUnit Adapter 5.1.0.0: Test execution started&#xD;
Running selected tests in D:\NuvIoT\cs.CloudStorage\tests\LagoVista.StorageProvider.Tests\bin\Debug\net9.0\LagoVista.StorageProvider.Tests.dll&#xD;
   NUnit3TestExecutor discovered 0 of 0 NUnit test cases using Current Discovery mode, Explicit run&#xD;
NUnit Adapter 5.1.0.0: Test execution complete&#xD;
</StdOut>
    </Output>
  </ResultSummary>
</TestRun>