<?xml version="1.0" encoding="utf-8"?>
<TestRun id="f05bcfd7-ce80-436e-bd7d-cda0989ae2da" name="kevin@BEAST-LAPTOP 2026-08-26 18:13:27" runUser="BEAST-LAPTOP\kevin" xmlns="http://microsoft.com/schemas/VisualStudio/TeamTest/2010">
  <Times creation="2026-08-26T18:13:27.9863264-04:00" queuing="2026-08-26T18:13:27.9863266-04:00" start="2026-08-26T18:13:27.0849796-04:00" finish="2026-08-26T18:13:27.9904946-04:00" />
  <TestSettings name="default" id="73cff04e-4237-4cbb-bc1d-52d8ea11a72c">
    <Deployment runDeploymentRoot="kevin_BEAST-LAPTOP_2026-08-26_18_13_27" />
  </TestSettings>
  <Results>
    <UnitTestResult executionId="a4f5cf12-9c2b-4467-8f5b-18b25cec50af" testId="55fd46dc-b012-4596-ec96-5fa169de2b3d" testName="GetSessionAsync_ConnectsToConfiguredKeyspaceAndReusesSession" computerName="BEAST-LAPTOP" duration="00:00:00.3215299" startTime="2026-08-26T18:13:27.4692513-04:00" endTime="2026-08-26T18:13:27.8039473-04:00" testType="13cdc9d9-ddb5-4fa4-a97d-d965ccfc6d4b" outcome="Passed" testListId="8c84fa94-04c1-424b-9868-57a2d4851a1d" relativeResultsDirectory="a4f5cf12-9c2b-4467-8f5b-18b25cec50af" />
  </Results>
  <TestDefinitions>
    <UnitTest name="GetSessionAsync_ConnectsToConfiguredKeyspaceAndReusesSession" storage="d:\nuviot\cs.cloudstorage\tests\lagovista.storageprovider.tests\bin\debug\net9.0\lagovista.storageprovider.tests.dll" id="55fd46dc-b012-4596-ec96-5fa169de2b3d">
      <TestCategory>
        <TestCategoryItem TestCategory="Cassandra" />
        <TestCategoryItem TestCategory="CassandraInfrastructure" />
      </TestCategory>
      <Execution id="a4f5cf12-9c2b-4467-8f5b-18b25cec50af" />
      <TestMethod codeBase="D:\NuvIoT\cs.CloudStorage\tests\LagoVista.StorageProvider.Tests\bin\Debug\net9.0\LagoVista.StorageProvider.Tests.dll" adapterTypeName="executor://mstestadapter/v2" className="LagoVista.StorageProvider.Tests.Cassandra.CassandraSessionFactoryIntegrationTests" name="GetSessionAsync_ConnectsToConfiguredKeyspaceAndReusesSession" />
    </UnitTest>
  </TestDefinitions>
  <TestEntries>
    <TestEntry testId="55fd46dc-b012-4596-ec96-5fa169de2b3d" executionId="a4f5cf12-9c2b-4467-8f5b-18b25cec50af" testListId="8c84fa94-04c1-424b-9868-57a2d4851a1d" />
  </TestEntries>
  <TestLists>
    <TestList name="Results Not in a List" id="8c84fa94-04c1-424b-9868-57a2d4851a1d" />
    <TestList name="All Loaded Results" id="19431567-8539-422a-85d7-44ee4e166bda" />
  </TestLists>
  <ResultSummary outcome="Completed">
    <Counters total="1" executed="1" passed="1" failed="0" error="0" timeout="0" aborted="0" inconclusive="0" passedButRunAborted="0" notRunnable="0" notExecuted="0" disconnected="0" warning="0" completed="0" inProgress="0" pending="0" />
    <Output>
      <StdOut>NUnit Adapter 5.1.0.0: Test execution started&#xD;
Running selected tests in D:\NuvIoT\cs.CloudStorage\tests\LagoVista.StorageProvider.Tests\bin\Debug\net9.0\LagoVista.StorageProvider.Tests.dll&#xD;
   NUnit3TestExecutor discovered 0 of 0 NUnit test cases using Current Discovery mode, Explicit run&#xD;
NUnit Adapter 5.1.0.0: Test execution complete&#xD;
</StdOut>
    </Output>
  </ResultSummary>
</TestRun>