<?xml version="1.0" encoding="utf-8"?>
<TestRun id="8b6a82e0-4d0c-42f3-bfad-41494ac47251" name="kevin@BEAST-LAPTOP 2026-08-26 21:25:05" runUser="BEAST-LAPTOP\kevin" xmlns="http://microsoft.com/schemas/VisualStudio/TeamTest/2010">
  <Times creation="2026-08-26T21:25:05.3447900-04:00" queuing="2026-08-26T21:25:05.3447908-04:00" start="2026-08-26T21:25:03.3760353-04:00" finish="2026-08-26T21:25:05.3513319-04:00" />
  <TestSettings name="default" id="c478d8a8-d602-4e4c-a307-78bfdc0d1e8c">
    <Deployment runDeploymentRoot="kevin_BEAST-LAPTOP_2026-08-26_21_25_05" />
  </TestSettings>
  <Results>
    <UnitTestResult executionId="510b5c93-f6e2-43c8-b781-efa52125d352" testId="56d3115b-baa9-4bc8-7147-cf32c9969c08" testName="KnownPreparationAndEntityListQueries_AllMongoPipelinesExecuteWithValidSyntax" computerName="BEAST-LAPTOP" duration="00:00:00.0398099" startTime="2026-08-26T21:25:05.0492825-04:00" endTime="2026-08-26T21:25:05.0909580-04:00" testType="13cdc9d9-ddb5-4fa4-a97d-d965ccfc6d4b" outcome="Passed" testListId="8c84fa94-04c1-424b-9868-57a2d4851a1d" relativeResultsDirectory="510b5c93-f6e2-43c8-b781-efa52125d352" />
    <UnitTestResult executionId="fc2d9987-8f1e-4f0f-951f-f851cb2a3acf" testId="70fd3ec0-dc75-0493-c353-90ba3eeb7d6a" testName="KnownEntityUtilityQueries_AllMongoBranchesExecuteWithValidSyntax" computerName="BEAST-LAPTOP" duration="00:00:00.1038614" startTime="2026-08-26T21:25:04.9451613-04:00" endTime="2026-08-26T21:25:05.0491919-04:00" testType="13cdc9d9-ddb5-4fa4-a97d-d965ccfc6d4b" outcome="Passed" testListId="8c84fa94-04c1-424b-9868-57a2d4851a1d" relativeResultsDirectory="fc2d9987-8f1e-4f0f-951f-f851cb2a3acf" />
    <UnitTestResult executionId="2e7056e0-8b24-4ba0-9a0f-04c8b53f321e" testId="ff2ea01c-5609-a699-1446-69b0562861f1" testName="RuntimePatch_ExercisesSetAddRemoveConcurrencyAndMissingPaths" computerName="BEAST-LAPTOP" duration="00:00:00.5433316" startTime="2026-08-26T21:25:04.1278557-04:00" endTime="2026-08-26T21:25:04.6901953-04:00" testType="13cdc9d9-ddb5-4fa4-a97d-d965ccfc6d4b" outcome="Passed" testListId="8c84fa94-04c1-424b-9868-57a2d4851a1d" relativeResultsDirectory="2e7056e0-8b24-4ba0-9a0f-04c8b53f321e" />
    <UnitTestResult executionId="d74fda4c-8d52-4d87-bdeb-eb4977f00212" testId="3f0446a1-7c8a-514d-636a-e1d248d988e5" testName="GenericSort_ExercisesNonStringAscendingAndDescendingSorts" computerName="BEAST-LAPTOP" duration="00:00:00.0772215" startTime="2026-08-26T21:25:04.8676020-04:00" endTime="2026-08-26T21:25:04.9450470-04:00" testType="13cdc9d9-ddb5-4fa4-a97d-d965ccfc6d4b" outcome="Passed" testListId="8c84fa94-04c1-424b-9868-57a2d4851a1d" relativeResultsDirectory="d74fda4c-8d52-4d87-bdeb-eb4977f00212" />
    <UnitTestResult executionId="9b3abc6b-42ce-404e-9cd0-72c724e224a6" testId="eb431e20-df67-e83e-7466-c06974bba438" testName="PagedQuery_ExercisesVisibilityFiltersAndPagingOverload" computerName="BEAST-LAPTOP" duration="00:00:00.1695830" startTime="2026-08-26T21:25:04.6962597-04:00" endTime="2026-08-26T21:25:04.8668184-04:00" testType="13cdc9d9-ddb5-4fa4-a97d-d965ccfc6d4b" outcome="Passed" testListId="8c84fa94-04c1-424b-9868-57a2d4851a1d" relativeResultsDirectory="9b3abc6b-42ce-404e-9cd0-72c724e224a6" />
  </Results>
  <TestDefinitions>
    <UnitTest name="KnownPreparationAndEntityListQueries_AllMongoPipelinesExecuteWithValidSyntax" storage="d:\nuviot\cs.cloudstorage\tests\lagovista.storageprovider.tests\bin\debug\net9.0\lagovista.storageprovider.tests.dll" id="56d3115b-baa9-4bc8-7147-cf32c9969c08">
      <TestCategory>
        <TestCategoryItem TestCategory="Mongo" />
        <TestCategoryItem TestCategory="MongoDocumentStorageDepth" />
      </TestCategory>
      <Execution id="510b5c93-f6e2-43c8-b781-efa52125d352" />
      <TestMethod codeBase="D:\NuvIoT\cs.CloudStorage\tests\LagoVista.StorageProvider.Tests\bin\Debug\net9.0\LagoVista.StorageProvider.Tests.dll" adapterTypeName="executor://mstestadapter/v2" className="LagoVista.StorageProvider.Tests.Mongo.MongoDocumentStorageClientDepthIntegrationTests" name="KnownPreparationAndEntityListQueries_AllMongoPipelinesExecuteWithValidSyntax" />
    </UnitTest>
    <UnitTest name="GenericSort_ExercisesNonStringAscendingAndDescendingSorts" storage="d:\nuviot\cs.cloudstorage\tests\lagovista.storageprovider.tests\bin\debug\net9.0\lagovista.storageprovider.tests.dll" id="3f0446a1-7c8a-514d-636a-e1d248d988e5">
      <TestCategory>
        <TestCategoryItem TestCategory="Mongo" />
        <TestCategoryItem TestCategory="MongoDocumentStorageDepth" />
      </TestCategory>
      <Execution id="d74fda4c-8d52-4d87-bdeb-eb4977f00212" />
      <TestMethod codeBase="D:\NuvIoT\cs.CloudStorage\tests\LagoVista.StorageProvider.Tests\bin\Debug\net9.0\LagoVista.StorageProvider.Tests.dll" adapterTypeName="executor://mstestadapter/v2" className="LagoVista.StorageProvider.Tests.Mongo.MongoDocumentStorageClientDepthIntegrationTests" name="GenericSort_ExercisesNonStringAscendingAndDescendingSorts" />
    </UnitTest>
    <UnitTest name="KnownEntityUtilityQueries_AllMongoBranchesExecuteWithValidSyntax" storage="d:\nuviot\cs.cloudstorage\tests\lagovista.storageprovider.tests\bin\debug\net9.0\lagovista.storageprovider.tests.dll" id="70fd3ec0-dc75-0493-c353-90ba3eeb7d6a">
      <TestCategory>
        <TestCategoryItem TestCategory="Mongo" />
        <TestCategoryItem TestCategory="MongoDocumentStorageDepth" />
      </TestCategory>
      <Execution id="fc2d9987-8f1e-4f0f-951f-f851cb2a3acf" />
      <TestMethod codeBase="D:\NuvIoT\cs.CloudStorage\tests\LagoVista.StorageProvider.Tests\bin\Debug\net9.0\LagoVista.StorageProvider.Tests.dll" adapterTypeName="executor://mstestadapter/v2" className="LagoVista.StorageProvider.Tests.Mongo.MongoDocumentStorageClientDepthIntegrationTests" name="KnownEntityUtilityQueries_AllMongoBranchesExecuteWithValidSyntax" />
    </UnitTest>
    <UnitTest name="PagedQuery_ExercisesVisibilityFiltersAndPagingOverload" storage="d:\nuviot\cs.cloudstorage\tests\lagovista.storageprovider.tests\bin\debug\net9.0\lagovista.storageprovider.tests.dll" id="eb431e20-df67-e83e-7466-c06974bba438">
      <TestCategory>
        <TestCategoryItem TestCategory="Mongo" />
        <TestCategoryItem TestCategory="MongoDocumentStorageDepth" />
      </TestCategory>
      <Execution id="9b3abc6b-42ce-404e-9cd0-72c724e224a6" />
      <TestMethod codeBase="D:\NuvIoT\cs.CloudStorage\tests\LagoVista.StorageProvider.Tests\bin\Debug\net9.0\LagoVista.StorageProvider.Tests.dll" adapterTypeName="executor://mstestadapter/v2" className="LagoVista.StorageProvider.Tests.Mongo.MongoDocumentStorageClientDepthIntegrationTests" name="PagedQuery_ExercisesVisibilityFiltersAndPagingOverload" />
    </UnitTest>
    <UnitTest name="RuntimePatch_ExercisesSetAddRemoveConcurrencyAndMissingPaths" storage="d:\nuviot\cs.cloudstorage\tests\lagovista.storageprovider.tests\bin\debug\net9.0\lagovista.storageprovider.tests.dll" id="ff2ea01c-5609-a699-1446-69b0562861f1">
      <TestCategory>
        <TestCategoryItem TestCategory="Mongo" />
        <TestCategoryItem TestCategory="MongoDocumentStorageDepth" />
      </TestCategory>
      <Execution id="2e7056e0-8b24-4ba0-9a0f-04c8b53f321e" />
      <TestMethod codeBase="D:\NuvIoT\cs.CloudStorage\tests\LagoVista.StorageProvider.Tests\bin\Debug\net9.0\LagoVista.StorageProvider.Tests.dll" adapterTypeName="executor://mstestadapter/v2" className="LagoVista.StorageProvider.Tests.Mongo.MongoDocumentStorageClientDepthIntegrationTests" name="RuntimePatch_ExercisesSetAddRemoveConcurrencyAndMissingPaths" />
    </UnitTest>
  </TestDefinitions>
  <TestEntries>
    <TestEntry testId="56d3115b-baa9-4bc8-7147-cf32c9969c08" executionId="510b5c93-f6e2-43c8-b781-efa52125d352" testListId="8c84fa94-04c1-424b-9868-57a2d4851a1d" />
    <TestEntry testId="70fd3ec0-dc75-0493-c353-90ba3eeb7d6a" executionId="fc2d9987-8f1e-4f0f-951f-f851cb2a3acf" testListId="8c84fa94-04c1-424b-9868-57a2d4851a1d" />
    <TestEntry testId="ff2ea01c-5609-a699-1446-69b0562861f1" executionId="2e7056e0-8b24-4ba0-9a0f-04c8b53f321e" testListId="8c84fa94-04c1-424b-9868-57a2d4851a1d" />
    <TestEntry testId="3f0446a1-7c8a-514d-636a-e1d248d988e5" executionId="d74fda4c-8d52-4d87-bdeb-eb4977f00212" testListId="8c84fa94-04c1-424b-9868-57a2d4851a1d" />
    <TestEntry testId="eb431e20-df67-e83e-7466-c06974bba438" executionId="9b3abc6b-42ce-404e-9cd0-72c724e224a6" testListId="8c84fa94-04c1-424b-9868-57a2d4851a1d" />
  </TestEntries>
  <TestLists>
    <TestList name="Results Not in a List" id="8c84fa94-04c1-424b-9868-57a2d4851a1d" />
    <TestList name="All Loaded Results" id="19431567-8539-422a-85d7-44ee4e166bda" />
  </TestLists>
  <ResultSummary outcome="Completed">
    <Counters total="5" executed="5" passed="5" failed="0" error="0" timeout="0" aborted="0" inconclusive="0" passedButRunAborted="0" notRunnable="0" notExecuted="0" disconnected="0" warning="0" completed="0" inProgress="0" pending="0" />
    <Output>
      <StdOut>NUnit Adapter 5.1.0.0: Test execution started&#xD;
Running selected tests in D:\NuvIoT\cs.CloudStorage\tests\LagoVista.StorageProvider.Tests\bin\Debug\net9.0\LagoVista.StorageProvider.Tests.dll&#xD;
   NUnit3TestExecutor discovered 0 of 0 NUnit test cases using Current Discovery mode, Explicit run&#xD;
NUnit Adapter 5.1.0.0: Test execution complete&#xD;
</StdOut>
    </Output>
  </ResultSummary>
</TestRun>