<?xml version="1.0" encoding="utf-8"?>
<TestRun id="06c5b067-7592-40b0-ba3c-414671176b2a" name="kevin@BEAST-LAPTOP 2026-08-26 20:31:40" runUser="BEAST-LAPTOP\kevin" xmlns="http://microsoft.com/schemas/VisualStudio/TeamTest/2010">
  <Times creation="2026-08-26T20:31:40.7575600-04:00" queuing="2026-08-26T20:31:40.7575605-04:00" start="2026-08-26T20:31:39.5751655-04:00" finish="2026-08-26T20:31:40.7634197-04:00" />
  <TestSettings name="default" id="bc3aea91-262d-474c-9ae6-0d701ddf6bbb">
    <Deployment runDeploymentRoot="kevin_BEAST-LAPTOP_2026-08-26_20_31_40" />
  </TestSettings>
  <Results>
    <UnitTestResult executionId="223a6aff-d68f-4869-a8b0-5e10346a9e6f" testId="26631311-d5b9-3edb-bcd9-df9d1ad6d16a" testName="Provisioner_RejectsExistingContainerWithWrongPartitionKeyAsync" computerName="BEAST-LAPTOP" duration="00:00:00.1073758" startTime="2026-08-26T20:31:40.4489183-04:00" endTime="2026-08-26T20:31:40.5576889-04:00" testType="13cdc9d9-ddb5-4fa4-a97d-d965ccfc6d4b" outcome="Passed" testListId="8c84fa94-04c1-424b-9868-57a2d4851a1d" relativeResultsDirectory="223a6aff-d68f-4869-a8b0-5e10346a9e6f" />
    <UnitTestResult executionId="00869d71-ba07-4a95-85d5-6d92d5b55fe9" testId="5296ddf1-d786-e608-5eb2-f6dcac6e9322" testName="ClientProvider_ConnectsAndReusesNormalizedEndpointAsync" computerName="BEAST-LAPTOP" duration="00:00:00.2036009" startTime="2026-08-26T20:31:40.0303663-04:00" endTime="2026-08-26T20:31:40.2460548-04:00" testType="13cdc9d9-ddb5-4fa4-a97d-d965ccfc6d4b" outcome="Passed" testListId="8c84fa94-04c1-424b-9868-57a2d4851a1d" relativeResultsDirectory="00869d71-ba07-4a95-85d5-6d92d5b55fe9" />
    <UnitTestResult executionId="a92bfacc-adda-4c7a-9e2c-75335caf468c" testId="8a2e80f0-11df-c9cc-78cb-0e4fbbb35729" testName="Provisioner_CreatesFreshDatabaseAndContainerRepeatSafelyAsync" computerName="BEAST-LAPTOP" duration="00:00:00.1981724" startTime="2026-08-26T20:31:40.2505805-04:00" endTime="2026-08-26T20:31:40.4488588-04:00" testType="13cdc9d9-ddb5-4fa4-a97d-d965ccfc6d4b" outcome="Passed" testListId="8c84fa94-04c1-424b-9868-57a2d4851a1d" relativeResultsDirectory="a92bfacc-adda-4c7a-9e2c-75335caf468c" />
    <UnitTestResult executionId="e801c704-ef02-4b95-aed5-b5cded2882d9" testId="2a0af316-eb80-f2f8-d4e7-4cd11f3afcef" testName="ClientProvider_RejectsMissingConnectionMaterial" computerName="BEAST-LAPTOP" duration="00:00:00.0009499" startTime="2026-08-26T20:31:40.2491327-04:00" endTime="2026-08-26T20:31:40.2503842-04:00" testType="13cdc9d9-ddb5-4fa4-a97d-d965ccfc6d4b" outcome="Passed" testListId="8c84fa94-04c1-424b-9868-57a2d4851a1d" relativeResultsDirectory="e801c704-ef02-4b95-aed5-b5cded2882d9" />
  </Results>
  <TestDefinitions>
    <UnitTest name="ClientProvider_ConnectsAndReusesNormalizedEndpointAsync" storage="d:\nuviot\cs.cloudstorage\tests\lagovista.storageprovider.tests\bin\debug\net9.0\lagovista.storageprovider.tests.dll" id="5296ddf1-d786-e608-5eb2-f6dcac6e9322">
      <TestCategory>
        <TestCategoryItem TestCategory="Cosmos" />
        <TestCategoryItem TestCategory="CosmosClientProvider" />
        <TestCategoryItem TestCategory="CosmosInfrastructure" />
      </TestCategory>
      <Execution id="00869d71-ba07-4a95-85d5-6d92d5b55fe9" />
      <TestMethod codeBase="D:\NuvIoT\cs.CloudStorage\tests\LagoVista.StorageProvider.Tests\bin\Debug\net9.0\LagoVista.StorageProvider.Tests.dll" adapterTypeName="executor://mstestadapter/v2" className="LagoVista.StorageProvider.Tests.Cosmos.CosmosInfrastructureIntegrationTests" name="ClientProvider_ConnectsAndReusesNormalizedEndpointAsync" />
    </UnitTest>
    <UnitTest name="ClientProvider_RejectsMissingConnectionMaterial" storage="d:\nuviot\cs.cloudstorage\tests\lagovista.storageprovider.tests\bin\debug\net9.0\lagovista.storageprovider.tests.dll" id="2a0af316-eb80-f2f8-d4e7-4cd11f3afcef">
      <TestCategory>
        <TestCategoryItem TestCategory="Cosmos" />
        <TestCategoryItem TestCategory="CosmosClientProvider" />
        <TestCategoryItem TestCategory="CosmosInfrastructure" />
      </TestCategory>
      <Execution id="e801c704-ef02-4b95-aed5-b5cded2882d9" />
      <TestMethod codeBase="D:\NuvIoT\cs.CloudStorage\tests\LagoVista.StorageProvider.Tests\bin\Debug\net9.0\LagoVista.StorageProvider.Tests.dll" adapterTypeName="executor://mstestadapter/v2" className="LagoVista.StorageProvider.Tests.Cosmos.CosmosInfrastructureIntegrationTests" name="ClientProvider_RejectsMissingConnectionMaterial" />
    </UnitTest>
    <UnitTest name="Provisioner_RejectsExistingContainerWithWrongPartitionKeyAsync" storage="d:\nuviot\cs.cloudstorage\tests\lagovista.storageprovider.tests\bin\debug\net9.0\lagovista.storageprovider.tests.dll" id="26631311-d5b9-3edb-bcd9-df9d1ad6d16a">
      <TestCategory>
        <TestCategoryItem TestCategory="CosmosProvisioning" />
        <TestCategoryItem TestCategory="Cosmos" />
        <TestCategoryItem TestCategory="CosmosInfrastructure" />
      </TestCategory>
      <Execution id="223a6aff-d68f-4869-a8b0-5e10346a9e6f" />
      <TestMethod codeBase="D:\NuvIoT\cs.CloudStorage\tests\LagoVista.StorageProvider.Tests\bin\Debug\net9.0\LagoVista.StorageProvider.Tests.dll" adapterTypeName="executor://mstestadapter/v2" className="LagoVista.StorageProvider.Tests.Cosmos.CosmosInfrastructureIntegrationTests" name="Provisioner_RejectsExistingContainerWithWrongPartitionKeyAsync" />
    </UnitTest>
    <UnitTest name="Provisioner_CreatesFreshDatabaseAndContainerRepeatSafelyAsync" storage="d:\nuviot\cs.cloudstorage\tests\lagovista.storageprovider.tests\bin\debug\net9.0\lagovista.storageprovider.tests.dll" id="8a2e80f0-11df-c9cc-78cb-0e4fbbb35729">
      <TestCategory>
        <TestCategoryItem TestCategory="CosmosProvisioning" />
        <TestCategoryItem TestCategory="Cosmos" />
        <TestCategoryItem TestCategory="CosmosInfrastructure" />
      </TestCategory>
      <Execution id="a92bfacc-adda-4c7a-9e2c-75335caf468c" />
      <TestMethod codeBase="D:\NuvIoT\cs.CloudStorage\tests\LagoVista.StorageProvider.Tests\bin\Debug\net9.0\LagoVista.StorageProvider.Tests.dll" adapterTypeName="executor://mstestadapter/v2" className="LagoVista.StorageProvider.Tests.Cosmos.CosmosInfrastructureIntegrationTests" name="Provisioner_CreatesFreshDatabaseAndContainerRepeatSafelyAsync" />
    </UnitTest>
  </TestDefinitions>
  <TestEntries>
    <TestEntry testId="26631311-d5b9-3edb-bcd9-df9d1ad6d16a" executionId="223a6aff-d68f-4869-a8b0-5e10346a9e6f" testListId="8c84fa94-04c1-424b-9868-57a2d4851a1d" />
    <TestEntry testId="5296ddf1-d786-e608-5eb2-f6dcac6e9322" executionId="00869d71-ba07-4a95-85d5-6d92d5b55fe9" testListId="8c84fa94-04c1-424b-9868-57a2d4851a1d" />
    <TestEntry testId="8a2e80f0-11df-c9cc-78cb-0e4fbbb35729" executionId="a92bfacc-adda-4c7a-9e2c-75335caf468c" testListId="8c84fa94-04c1-424b-9868-57a2d4851a1d" />
    <TestEntry testId="2a0af316-eb80-f2f8-d4e7-4cd11f3afcef" executionId="e801c704-ef02-4b95-aed5-b5cded2882d9" testListId="8c84fa94-04c1-424b-9868-57a2d4851a1d" />
  </TestEntries>
  <TestLists>
    <TestList name="Results Not in a List" id="8c84fa94-04c1-424b-9868-57a2d4851a1d" />
    <TestList name="All Loaded Results" id="19431567-8539-422a-85d7-44ee4e166bda" />
  </TestLists>
  <ResultSummary outcome="Completed">
    <Counters total="4" executed="4" passed="4" failed="0" error="0" timeout="0" aborted="0" inconclusive="0" passedButRunAborted="0" notRunnable="0" notExecuted="0" disconnected="0" warning="0" completed="0" inProgress="0" pending="0" />
    <Output>
      <StdOut>NUnit Adapter 5.1.0.0: Test execution started&#xD;
Running selected tests in D:\NuvIoT\cs.CloudStorage\tests\LagoVista.StorageProvider.Tests\bin\Debug\net9.0\LagoVista.StorageProvider.Tests.dll&#xD;
   NUnit3TestExecutor discovered 0 of 0 NUnit test cases using Current Discovery mode, Explicit run&#xD;
NUnit Adapter 5.1.0.0: Test execution complete&#xD;
</StdOut>
    </Output>
  </ResultSummary>
</TestRun>