<?xml version="1.0" encoding="utf-8"?>
<TestRun id="107327cb-3c5f-40c0-9fe3-82bcadf238a1" name="kevin@BEAST-LAPTOP 2026-08-26 20:12:23" runUser="BEAST-LAPTOP\kevin" xmlns="http://microsoft.com/schemas/VisualStudio/TeamTest/2010">
  <Times creation="2026-08-26T20:12:23.6109070-04:00" queuing="2026-08-26T20:12:23.6109076-04:00" start="2026-08-26T20:12:22.2600607-04:00" finish="2026-08-26T20:12:23.6177239-04:00" />
  <TestSettings name="default" id="3a68e5ea-ee6e-493b-9118-7228309a05cb">
    <Deployment runDeploymentRoot="kevin_BEAST-LAPTOP_2026-08-26_20_12_23" />
  </TestSettings>
  <Results>
    <UnitTestResult executionId="6606cb53-8a95-402a-98fb-5abc676364dc" testId="5296ddf1-d786-e608-5eb2-f6dcac6e9322" testName="ClientProvider_ConnectsAndReusesNormalizedEndpointAsync" computerName="BEAST-LAPTOP" duration="00:00:00.2577792" startTime="2026-08-26T20:12:22.7537222-04:00" endTime="2026-08-26T20:12:23.0276610-04:00" testType="13cdc9d9-ddb5-4fa4-a97d-d965ccfc6d4b" outcome="Passed" testListId="8c84fa94-04c1-424b-9868-57a2d4851a1d" relativeResultsDirectory="6606cb53-8a95-402a-98fb-5abc676364dc" />
    <UnitTestResult executionId="45e7defa-0e1d-498c-a179-1e0d0674bdbb" testId="26631311-d5b9-3edb-bcd9-df9d1ad6d16a" testName="Provisioner_RejectsExistingContainerWithWrongPartitionKeyAsync" computerName="BEAST-LAPTOP" duration="00:00:00.1381216" startTime="2026-08-26T20:12:23.2561213-04:00" endTime="2026-08-26T20:12:23.3961224-04:00" testType="13cdc9d9-ddb5-4fa4-a97d-d965ccfc6d4b" outcome="Failed" testListId="8c84fa94-04c1-424b-9868-57a2d4851a1d" relativeResultsDirectory="45e7defa-0e1d-498c-a179-1e0d0674bdbb">
      <Output>
        <ErrorInfo>
          <Message>Assert.ThrowsExactlyAsync failed. Expected exception type:&lt;System.InvalidOperationException&gt;. Actual exception type:&lt;System.ArgumentException&gt;. </Message>
          <StackTrace>   at LagoVista.StorageProvider.Tests.Cosmos.CosmosInfrastructureIntegrationTests.Provisioner_RejectsExistingContainerWithWrongPartitionKeyAsync() in D:\NuvIoT\cs.CloudStorage\tests\LagoVista.StorageProvider.Tests\Cosmos\CosmosInfrastructureIntegrationTests.cs:line 85&#xD;
   at LagoVista.StorageProvider.Tests.Cosmos.CosmosInfrastructureIntegrationTests.Provisioner_RejectsExistingContainerWithWrongPartitionKeyAsync() in D:\NuvIoT\cs.CloudStorage\tests\LagoVista.StorageProvider.Tests\Cosmos\CosmosInfrastructureIntegrationTests.cs:line 90&#xD;
</StackTrace>
        </ErrorInfo>
      </Output>
    </UnitTestResult>
    <UnitTestResult executionId="7ebda831-b33f-4035-8994-ea7c4f9a7f2d" testId="8a2e80f0-11df-c9cc-78cb-0e4fbbb35729" testName="Provisioner_CreatesFreshDatabaseAndContainerRepeatSafelyAsync" computerName="BEAST-LAPTOP" duration="00:00:00.2227812" startTime="2026-08-26T20:12:23.0331252-04:00" endTime="2026-08-26T20:12:23.2560440-04:00" testType="13cdc9d9-ddb5-4fa4-a97d-d965ccfc6d4b" outcome="Passed" testListId="8c84fa94-04c1-424b-9868-57a2d4851a1d" relativeResultsDirectory="7ebda831-b33f-4035-8994-ea7c4f9a7f2d" />
    <UnitTestResult executionId="8cf8d07f-e578-45bd-a3fb-821efa62197c" testId="2a0af316-eb80-f2f8-d4e7-4cd11f3afcef" testName="ClientProvider_RejectsMissingConnectionMaterial" computerName="BEAST-LAPTOP" duration="00:00:00.0011708" startTime="2026-08-26T20:12:23.0312209-04:00" endTime="2026-08-26T20:12:23.0328876-04:00" testType="13cdc9d9-ddb5-4fa4-a97d-d965ccfc6d4b" outcome="Passed" testListId="8c84fa94-04c1-424b-9868-57a2d4851a1d" relativeResultsDirectory="8cf8d07f-e578-45bd-a3fb-821efa62197c" />
  </Results>
  <TestDefinitions>
    <UnitTest name="ClientProvider_ConnectsAndReusesNormalizedEndpointAsync" storage="d:\nuviot\cs.cloudstorage\tests\lagovista.storageprovider.tests\bin\debug\net9.0\lagovista.storageprovider.tests.dll" id="5296ddf1-d786-e608-5eb2-f6dcac6e9322">
      <TestCategory>
        <TestCategoryItem TestCategory="CosmosInfrastructure" />
        <TestCategoryItem TestCategory="CosmosClientProvider" />
        <TestCategoryItem TestCategory="Cosmos" />
      </TestCategory>
      <Execution id="6606cb53-8a95-402a-98fb-5abc676364dc" />
      <TestMethod codeBase="D:\NuvIoT\cs.CloudStorage\tests\LagoVista.StorageProvider.Tests\bin\Debug\net9.0\LagoVista.StorageProvider.Tests.dll" adapterTypeName="executor://mstestadapter/v2" className="LagoVista.StorageProvider.Tests.Cosmos.CosmosInfrastructureIntegrationTests" name="ClientProvider_ConnectsAndReusesNormalizedEndpointAsync" />
    </UnitTest>
    <UnitTest name="ClientProvider_RejectsMissingConnectionMaterial" storage="d:\nuviot\cs.cloudstorage\tests\lagovista.storageprovider.tests\bin\debug\net9.0\lagovista.storageprovider.tests.dll" id="2a0af316-eb80-f2f8-d4e7-4cd11f3afcef">
      <TestCategory>
        <TestCategoryItem TestCategory="CosmosInfrastructure" />
        <TestCategoryItem TestCategory="CosmosClientProvider" />
        <TestCategoryItem TestCategory="Cosmos" />
      </TestCategory>
      <Execution id="8cf8d07f-e578-45bd-a3fb-821efa62197c" />
      <TestMethod codeBase="D:\NuvIoT\cs.CloudStorage\tests\LagoVista.StorageProvider.Tests\bin\Debug\net9.0\LagoVista.StorageProvider.Tests.dll" adapterTypeName="executor://mstestadapter/v2" className="LagoVista.StorageProvider.Tests.Cosmos.CosmosInfrastructureIntegrationTests" name="ClientProvider_RejectsMissingConnectionMaterial" />
    </UnitTest>
    <UnitTest name="Provisioner_RejectsExistingContainerWithWrongPartitionKeyAsync" storage="d:\nuviot\cs.cloudstorage\tests\lagovista.storageprovider.tests\bin\debug\net9.0\lagovista.storageprovider.tests.dll" id="26631311-d5b9-3edb-bcd9-df9d1ad6d16a">
      <TestCategory>
        <TestCategoryItem TestCategory="CosmosProvisioning" />
        <TestCategoryItem TestCategory="CosmosInfrastructure" />
        <TestCategoryItem TestCategory="Cosmos" />
      </TestCategory>
      <Execution id="45e7defa-0e1d-498c-a179-1e0d0674bdbb" />
      <TestMethod codeBase="D:\NuvIoT\cs.CloudStorage\tests\LagoVista.StorageProvider.Tests\bin\Debug\net9.0\LagoVista.StorageProvider.Tests.dll" adapterTypeName="executor://mstestadapter/v2" className="LagoVista.StorageProvider.Tests.Cosmos.CosmosInfrastructureIntegrationTests" name="Provisioner_RejectsExistingContainerWithWrongPartitionKeyAsync" />
    </UnitTest>
    <UnitTest name="Provisioner_CreatesFreshDatabaseAndContainerRepeatSafelyAsync" storage="d:\nuviot\cs.cloudstorage\tests\lagovista.storageprovider.tests\bin\debug\net9.0\lagovista.storageprovider.tests.dll" id="8a2e80f0-11df-c9cc-78cb-0e4fbbb35729">
      <TestCategory>
        <TestCategoryItem TestCategory="CosmosProvisioning" />
        <TestCategoryItem TestCategory="CosmosInfrastructure" />
        <TestCategoryItem TestCategory="Cosmos" />
      </TestCategory>
      <Execution id="7ebda831-b33f-4035-8994-ea7c4f9a7f2d" />
      <TestMethod codeBase="D:\NuvIoT\cs.CloudStorage\tests\LagoVista.StorageProvider.Tests\bin\Debug\net9.0\LagoVista.StorageProvider.Tests.dll" adapterTypeName="executor://mstestadapter/v2" className="LagoVista.StorageProvider.Tests.Cosmos.CosmosInfrastructureIntegrationTests" name="Provisioner_CreatesFreshDatabaseAndContainerRepeatSafelyAsync" />
    </UnitTest>
  </TestDefinitions>
  <TestEntries>
    <TestEntry testId="5296ddf1-d786-e608-5eb2-f6dcac6e9322" executionId="6606cb53-8a95-402a-98fb-5abc676364dc" testListId="8c84fa94-04c1-424b-9868-57a2d4851a1d" />
    <TestEntry testId="26631311-d5b9-3edb-bcd9-df9d1ad6d16a" executionId="45e7defa-0e1d-498c-a179-1e0d0674bdbb" testListId="8c84fa94-04c1-424b-9868-57a2d4851a1d" />
    <TestEntry testId="8a2e80f0-11df-c9cc-78cb-0e4fbbb35729" executionId="7ebda831-b33f-4035-8994-ea7c4f9a7f2d" testListId="8c84fa94-04c1-424b-9868-57a2d4851a1d" />
    <TestEntry testId="2a0af316-eb80-f2f8-d4e7-4cd11f3afcef" executionId="8cf8d07f-e578-45bd-a3fb-821efa62197c" testListId="8c84fa94-04c1-424b-9868-57a2d4851a1d" />
  </TestEntries>
  <TestLists>
    <TestList name="Results Not in a List" id="8c84fa94-04c1-424b-9868-57a2d4851a1d" />
    <TestList name="All Loaded Results" id="19431567-8539-422a-85d7-44ee4e166bda" />
  </TestLists>
  <ResultSummary outcome="Failed">
    <Counters total="4" executed="4" passed="3" failed="1" error="0" timeout="0" aborted="0" inconclusive="0" passedButRunAborted="0" notRunnable="0" notExecuted="0" disconnected="0" warning="0" completed="0" inProgress="0" pending="0" />
    <Output>
      <StdOut>NUnit Adapter 5.1.0.0: Test execution started&#xD;
Running selected tests in D:\NuvIoT\cs.CloudStorage\tests\LagoVista.StorageProvider.Tests\bin\Debug\net9.0\LagoVista.StorageProvider.Tests.dll&#xD;
   NUnit3TestExecutor discovered 0 of 0 NUnit test cases using Current Discovery mode, Explicit run&#xD;
NUnit Adapter 5.1.0.0: Test execution complete&#xD;
</StdOut>
    </Output>
  </ResultSummary>
</TestRun>