<?xml version="1.0" encoding="utf-8"?>
<TestRun id="fe57844c-3fa7-4c29-b27e-7c238d4684fa" name="kevin@BEAST-LAPTOP 2026-08-26 16:47:58" runUser="BEAST-LAPTOP\kevin" xmlns="http://microsoft.com/schemas/VisualStudio/TeamTest/2010">
  <Times creation="2026-08-26T16:47:58.0164790-04:00" queuing="2026-08-26T16:47:58.0164792-04:00" start="2026-08-26T16:47:56.9793087-04:00" finish="2026-08-26T16:47:58.0218370-04:00" />
  <TestSettings name="default" id="2e9f3cb1-fd39-474e-be2d-11c1e1a15512">
    <Deployment runDeploymentRoot="kevin_BEAST-LAPTOP_2026-08-26_16_47_58" />
  </TestSettings>
  <Results>
    <UnitTestResult executionId="a9e32dd6-fce3-4156-95be-792cf48adb7c" testId="5740ce22-3e7d-27b1-bf70-6b394351048c" testName="QueryAndPaging_SatisfySharedContract" computerName="BEAST-LAPTOP" duration="00:00:00.0388946" startTime="2026-08-26T16:47:57.7697025-04:00" endTime="2026-08-26T16:47:57.8087212-04:00" testType="13cdc9d9-ddb5-4fa4-a97d-d965ccfc6d4b" outcome="Passed" testListId="8c84fa94-04c1-424b-9868-57a2d4851a1d" relativeResultsDirectory="a9e32dd6-fce3-4156-95be-792cf48adb7c" />
    <UnitTestResult executionId="e6477efb-6ead-4c91-a4e4-cc0427878d35" testId="7c53ee9f-6323-9c16-1f25-adeb7a495fd3" testName="CrudLifecycle_SatisfiesSharedContract" computerName="BEAST-LAPTOP" duration="00:00:00.1869021" startTime="2026-08-26T16:47:57.5713845-04:00" endTime="2026-08-26T16:47:57.7599538-04:00" testType="13cdc9d9-ddb5-4fa4-a97d-d965ccfc6d4b" outcome="Passed" testListId="8c84fa94-04c1-424b-9868-57a2d4851a1d" relativeResultsDirectory="e6477efb-6ead-4c91-a4e4-cc0427878d35" />
    <UnitTestResult executionId="cf8d91e7-c54b-4610-aa4d-1f2410c5ee2b" testId="4a870b65-70e8-6097-132f-597ba012043a" testName="OptimisticConcurrency_SatisfiesSharedContract" computerName="BEAST-LAPTOP" duration="00:00:00.0222735" startTime="2026-08-26T16:47:57.8087940-04:00" endTime="2026-08-26T16:47:57.8311687-04:00" testType="13cdc9d9-ddb5-4fa4-a97d-d965ccfc6d4b" outcome="Passed" testListId="8c84fa94-04c1-424b-9868-57a2d4851a1d" relativeResultsDirectory="cf8d91e7-c54b-4610-aa4d-1f2410c5ee2b" />
    <UnitTestResult executionId="9e7e2b84-c1bd-4276-b952-bd7d830dd4d0" testId="7ab050b8-5a69-2260-e077-287155f4f99e" testName="DatabaseIdentity_MatchesConfiguredDatabase" computerName="BEAST-LAPTOP" duration="00:00:00.1944177" startTime="2026-08-26T16:47:57.3632582-04:00" endTime="2026-08-26T16:47:57.5685513-04:00" testType="13cdc9d9-ddb5-4fa4-a97d-d965ccfc6d4b" outcome="Passed" testListId="8c84fa94-04c1-424b-9868-57a2d4851a1d" relativeResultsDirectory="9e7e2b84-c1bd-4276-b952-bd7d830dd4d0" />
    <UnitTestResult executionId="a7915c2a-8b23-4f3c-91fc-d100cdd4b6e3" testId="f5d4e47a-80dd-0a28-b83f-978228ba301e" testName="Patch_SatisfiesSharedContract" computerName="BEAST-LAPTOP" duration="00:00:00.0367544" startTime="2026-08-26T16:47:57.8312328-04:00" endTime="2026-08-26T16:47:57.8690665-04:00" testType="13cdc9d9-ddb5-4fa4-a97d-d965ccfc6d4b" outcome="Failed" testListId="8c84fa94-04c1-424b-9868-57a2d4851a1d" relativeResultsDirectory="a7915c2a-8b23-4f3c-91fc-d100cdd4b6e3">
      <Output>
        <ErrorInfo>
          <Message>Test method LagoVista.StorageProvider.Tests.Mongo.MongoDocumentStorageClientContractTests.Patch_SatisfiesSharedContract threw exception: &#xD;
MongoDB.Driver.Linq.ExpressionNotSupportedException: Expression not supported: item.Id.Value.</Message>
          <StackTrace>   at MongoDB.Driver.Linq.Linq3Implementation.Translators.ExpressionToFilterTranslators.ToFilterFieldTranslators.MemberExpressionToFilterFieldTranslator.Translate(TranslationContext context, MemberExpression memberExpression)&#xD;
   at MongoDB.Driver.Linq.Linq3Implementation.Translators.ExpressionToFilterTranslators.ToFilterFieldTranslators.ExpressionToFilterFieldTranslator.Translate(TranslationContext context, Expression expression)&#xD;
   at MongoDB.Driver.Linq.LinqProviderAdapter.TranslateExpressionToField[TDocument,TField](Expression`1 expression, IBsonSerializer`1 documentSerializer, IBsonSerializerRegistry serializerRegistry, ExpressionTranslationOptions translationOptions, Boolean allowScalarValueForArrayField)&#xD;
   at MongoDB.Driver.ExpressionFieldDefinition`2.Render(RenderArgs`1 args)&#xD;
   at MongoDB.Driver.SimpleFilterDefinition`2.Render(RenderArgs`1 args)&#xD;
   at MongoDB.Driver.AndFilterDefinition`1.Render(RenderArgs`1 args)&#xD;
   at MongoDB.Driver.AndFilterDefinition`1.Render(RenderArgs`1 args)&#xD;
   at MongoDB.Driver.MongoCollectionImpl`1.CreateFindOneAndUpdateOperation[TProjection](FilterDefinition`1 filter, UpdateDefinition`1 update, FindOneAndUpdateOptions`2 options)&#xD;
   at MongoDB.Driver.MongoCollectionImpl`1.FindOneAndUpdateAsync[TProjection](IClientSessionHandle session, FilterDefinition`1 filter, UpdateDefinition`1 update, FindOneAndUpdateOptions`2 options, CancellationToken cancellationToken)&#xD;
   at MongoDB.Driver.MongoCollectionImpl`1.FindOneAndUpdateAsync[TProjection](FilterDefinition`1 filter, UpdateDefinition`1 update, FindOneAndUpdateOptions`2 options, CancellationToken cancellationToken)&#xD;
   at LagoVista.CloudStorage.StorageProviders.MongoDocumentStorageClient.PatchDocumentAsync[TEntity](PatchRequest request) in D:\NuvIoT\cs.CloudStorage\src\LagoVista.CloudStorage\Storage\StorageProviders\Mongo\MongoDocumentStorageClient.cs:line 257&#xD;
   at LagoVista.StorageProvider.Tests.DocumentStorage.DocumentStorageClientContract.PatchAsync(IDocumentStorageClient client) in D:\NuvIoT\cs.CloudStorage\tests\LagoVista.StorageProvider.Tests\DocumentStorage\DocumentStorageClientContract.cs:line 151&#xD;
</StackTrace>
        </ErrorInfo>
      </Output>
    </UnitTestResult>
    <UnitTestResult executionId="6177ecce-c3a3-4797-a85c-6eb8ab702ad5" testId="a5f7bab7-f0a8-9b4c-0362-2588492d3849" testName="NotFoundSemantics_SatisfySharedContract" computerName="BEAST-LAPTOP" duration="00:00:00.0092945" startTime="2026-08-26T16:47:57.7602174-04:00" endTime="2026-08-26T16:47:57.7696474-04:00" testType="13cdc9d9-ddb5-4fa4-a97d-d965ccfc6d4b" outcome="Passed" testListId="8c84fa94-04c1-424b-9868-57a2d4851a1d" relativeResultsDirectory="6177ecce-c3a3-4797-a85c-6eb8ab702ad5" />
  </Results>
  <TestDefinitions>
    <UnitTest name="Patch_SatisfiesSharedContract" storage="d:\nuviot\cs.cloudstorage\tests\lagovista.storageprovider.tests\bin\debug\net9.0\lagovista.storageprovider.tests.dll" id="f5d4e47a-80dd-0a28-b83f-978228ba301e">
      <TestCategory>
        <TestCategoryItem TestCategory="Mongo" />
        <TestCategoryItem TestCategory="DocumentStorageContract" />
      </TestCategory>
      <Execution id="a7915c2a-8b23-4f3c-91fc-d100cdd4b6e3" />
      <TestMethod codeBase="D:\NuvIoT\cs.CloudStorage\tests\LagoVista.StorageProvider.Tests\bin\Debug\net9.0\LagoVista.StorageProvider.Tests.dll" adapterTypeName="executor://mstestadapter/v2" className="LagoVista.StorageProvider.Tests.Mongo.MongoDocumentStorageClientContractTests" name="Patch_SatisfiesSharedContract" />
    </UnitTest>
    <UnitTest name="QueryAndPaging_SatisfySharedContract" storage="d:\nuviot\cs.cloudstorage\tests\lagovista.storageprovider.tests\bin\debug\net9.0\lagovista.storageprovider.tests.dll" id="5740ce22-3e7d-27b1-bf70-6b394351048c">
      <TestCategory>
        <TestCategoryItem TestCategory="Mongo" />
        <TestCategoryItem TestCategory="DocumentStorageContract" />
      </TestCategory>
      <Execution id="a9e32dd6-fce3-4156-95be-792cf48adb7c" />
      <TestMethod codeBase="D:\NuvIoT\cs.CloudStorage\tests\LagoVista.StorageProvider.Tests\bin\Debug\net9.0\LagoVista.StorageProvider.Tests.dll" adapterTypeName="executor://mstestadapter/v2" className="LagoVista.StorageProvider.Tests.Mongo.MongoDocumentStorageClientContractTests" name="QueryAndPaging_SatisfySharedContract" />
    </UnitTest>
    <UnitTest name="NotFoundSemantics_SatisfySharedContract" storage="d:\nuviot\cs.cloudstorage\tests\lagovista.storageprovider.tests\bin\debug\net9.0\lagovista.storageprovider.tests.dll" id="a5f7bab7-f0a8-9b4c-0362-2588492d3849">
      <TestCategory>
        <TestCategoryItem TestCategory="Mongo" />
        <TestCategoryItem TestCategory="DocumentStorageContract" />
      </TestCategory>
      <Execution id="6177ecce-c3a3-4797-a85c-6eb8ab702ad5" />
      <TestMethod codeBase="D:\NuvIoT\cs.CloudStorage\tests\LagoVista.StorageProvider.Tests\bin\Debug\net9.0\LagoVista.StorageProvider.Tests.dll" adapterTypeName="executor://mstestadapter/v2" className="LagoVista.StorageProvider.Tests.Mongo.MongoDocumentStorageClientContractTests" name="NotFoundSemantics_SatisfySharedContract" />
    </UnitTest>
    <UnitTest name="DatabaseIdentity_MatchesConfiguredDatabase" storage="d:\nuviot\cs.cloudstorage\tests\lagovista.storageprovider.tests\bin\debug\net9.0\lagovista.storageprovider.tests.dll" id="7ab050b8-5a69-2260-e077-287155f4f99e">
      <TestCategory>
        <TestCategoryItem TestCategory="Mongo" />
        <TestCategoryItem TestCategory="DocumentStorageContract" />
      </TestCategory>
      <Execution id="9e7e2b84-c1bd-4276-b952-bd7d830dd4d0" />
      <TestMethod codeBase="D:\NuvIoT\cs.CloudStorage\tests\LagoVista.StorageProvider.Tests\bin\Debug\net9.0\LagoVista.StorageProvider.Tests.dll" adapterTypeName="executor://mstestadapter/v2" className="LagoVista.StorageProvider.Tests.Mongo.MongoDocumentStorageClientContractTests" name="DatabaseIdentity_MatchesConfiguredDatabase" />
    </UnitTest>
    <UnitTest name="CrudLifecycle_SatisfiesSharedContract" storage="d:\nuviot\cs.cloudstorage\tests\lagovista.storageprovider.tests\bin\debug\net9.0\lagovista.storageprovider.tests.dll" id="7c53ee9f-6323-9c16-1f25-adeb7a495fd3">
      <TestCategory>
        <TestCategoryItem TestCategory="Mongo" />
        <TestCategoryItem TestCategory="DocumentStorageContract" />
      </TestCategory>
      <Execution id="e6477efb-6ead-4c91-a4e4-cc0427878d35" />
      <TestMethod codeBase="D:\NuvIoT\cs.CloudStorage\tests\LagoVista.StorageProvider.Tests\bin\Debug\net9.0\LagoVista.StorageProvider.Tests.dll" adapterTypeName="executor://mstestadapter/v2" className="LagoVista.StorageProvider.Tests.Mongo.MongoDocumentStorageClientContractTests" name="CrudLifecycle_SatisfiesSharedContract" />
    </UnitTest>
    <UnitTest name="OptimisticConcurrency_SatisfiesSharedContract" storage="d:\nuviot\cs.cloudstorage\tests\lagovista.storageprovider.tests\bin\debug\net9.0\lagovista.storageprovider.tests.dll" id="4a870b65-70e8-6097-132f-597ba012043a">
      <TestCategory>
        <TestCategoryItem TestCategory="Mongo" />
        <TestCategoryItem TestCategory="DocumentStorageContract" />
      </TestCategory>
      <Execution id="cf8d91e7-c54b-4610-aa4d-1f2410c5ee2b" />
      <TestMethod codeBase="D:\NuvIoT\cs.CloudStorage\tests\LagoVista.StorageProvider.Tests\bin\Debug\net9.0\LagoVista.StorageProvider.Tests.dll" adapterTypeName="executor://mstestadapter/v2" className="LagoVista.StorageProvider.Tests.Mongo.MongoDocumentStorageClientContractTests" name="OptimisticConcurrency_SatisfiesSharedContract" />
    </UnitTest>
  </TestDefinitions>
  <TestEntries>
    <TestEntry testId="5740ce22-3e7d-27b1-bf70-6b394351048c" executionId="a9e32dd6-fce3-4156-95be-792cf48adb7c" testListId="8c84fa94-04c1-424b-9868-57a2d4851a1d" />
    <TestEntry testId="7c53ee9f-6323-9c16-1f25-adeb7a495fd3" executionId="e6477efb-6ead-4c91-a4e4-cc0427878d35" testListId="8c84fa94-04c1-424b-9868-57a2d4851a1d" />
    <TestEntry testId="4a870b65-70e8-6097-132f-597ba012043a" executionId="cf8d91e7-c54b-4610-aa4d-1f2410c5ee2b" testListId="8c84fa94-04c1-424b-9868-57a2d4851a1d" />
    <TestEntry testId="7ab050b8-5a69-2260-e077-287155f4f99e" executionId="9e7e2b84-c1bd-4276-b952-bd7d830dd4d0" testListId="8c84fa94-04c1-424b-9868-57a2d4851a1d" />
    <TestEntry testId="f5d4e47a-80dd-0a28-b83f-978228ba301e" executionId="a7915c2a-8b23-4f3c-91fc-d100cdd4b6e3" testListId="8c84fa94-04c1-424b-9868-57a2d4851a1d" />
    <TestEntry testId="a5f7bab7-f0a8-9b4c-0362-2588492d3849" executionId="6177ecce-c3a3-4797-a85c-6eb8ab702ad5" testListId="8c84fa94-04c1-424b-9868-57a2d4851a1d" />
  </TestEntries>
  <TestLists>
    <TestList name="Results Not in a List" id="8c84fa94-04c1-424b-9868-57a2d4851a1d" />
    <TestList name="All Loaded Results" id="19431567-8539-422a-85d7-44ee4e166bda" />
  </TestLists>
  <ResultSummary outcome="Failed">
    <Counters total="6" executed="6" passed="5" failed="1" error="0" timeout="0" aborted="0" inconclusive="0" passedButRunAborted="0" notRunnable="0" notExecuted="0" disconnected="0" warning="0" completed="0" inProgress="0" pending="0" />
    <Output>
      <StdOut>NUnit Adapter 5.1.0.0: Test execution started&#xD;
Running selected tests in D:\NuvIoT\cs.CloudStorage\tests\LagoVista.StorageProvider.Tests\bin\Debug\net9.0\LagoVista.StorageProvider.Tests.dll&#xD;
   NUnit3TestExecutor discovered 0 of 0 NUnit test cases using Current Discovery mode, Explicit run&#xD;
NUnit Adapter 5.1.0.0: Test execution complete&#xD;
</StdOut>
    </Output>
  </ResultSummary>
</TestRun>