<?xml version="1.0" encoding="utf-8"?>
<TestRun id="11be9795-5a65-4caf-88a6-d2cf71ad900c" name="kevin@BEAST-LAPTOP 2026-08-26 17:17:43" runUser="BEAST-LAPTOP\kevin" xmlns="http://microsoft.com/schemas/VisualStudio/TeamTest/2010">
  <Times creation="2026-08-26T17:17:43.4660270-04:00" queuing="2026-08-26T17:17:43.4660274-04:00" start="2026-08-26T17:17:42.3380148-04:00" finish="2026-08-26T17:17:43.6004506-04:00" />
  <TestSettings name="default" id="41cf1142-b61e-4355-936b-592a0696e1a0">
    <Deployment runDeploymentRoot="kevin_BEAST-LAPTOP_2026-08-26_17_17_43" />
  </TestSettings>
  <Results>
    <UnitTestResult executionId="0052a07a-349a-40a0-b806-8d45729b55b6" testId="f5d4e47a-80dd-0a28-b83f-978228ba301e" testName="Patch_SatisfiesSharedContract" computerName="BEAST-LAPTOP" duration="00:00:00.0360495" startTime="2026-08-26T17:17:43.1718353-04:00" endTime="2026-08-26T17:17:43.2079700-04:00" testType="13cdc9d9-ddb5-4fa4-a97d-d965ccfc6d4b" outcome="Passed" testListId="8c84fa94-04c1-424b-9868-57a2d4851a1d" relativeResultsDirectory="0052a07a-349a-40a0-b806-8d45729b55b6" />
    <UnitTestResult executionId="c27f4a5d-496b-4dee-bc47-f297ee394f26" testId="02689d0a-61e3-ba5e-036a-3b9228fc47d1" testName="KnownEntityQueries_SatisfySharedContract" computerName="BEAST-LAPTOP" duration="00:00:00.0671527" startTime="2026-08-26T17:17:43.4232429-04:00" endTime="2026-08-26T17:17:43.4915336-04:00" testType="13cdc9d9-ddb5-4fa4-a97d-d965ccfc6d4b" outcome="Passed" testListId="8c84fa94-04c1-424b-9868-57a2d4851a1d" relativeResultsDirectory="c27f4a5d-496b-4dee-bc47-f297ee394f26" />
    <UnitTestResult executionId="05abe85b-ee47-4515-9f09-c465dde2dbad" testId="a5f7bab7-f0a8-9b4c-0362-2588492d3849" testName="NotFoundSemantics_SatisfySharedContract" computerName="BEAST-LAPTOP" duration="00:00:00.0088098" startTime="2026-08-26T17:17:43.1095972-04:00" endTime="2026-08-26T17:17:43.1185276-04:00" testType="13cdc9d9-ddb5-4fa4-a97d-d965ccfc6d4b" outcome="Passed" testListId="8c84fa94-04c1-424b-9868-57a2d4851a1d" relativeResultsDirectory="05abe85b-ee47-4515-9f09-c465dde2dbad" />
    <UnitTestResult executionId="42f87a18-b6a6-4e6f-8a0c-1531a87f31d0" testId="3b903429-2d9b-2027-c2bf-09e572807b2d" testName="OwnedLookup_SatisfiesSharedContract" computerName="BEAST-LAPTOP" duration="00:00:00.0204945" startTime="2026-08-26T17:17:43.3256609-04:00" endTime="2026-08-26T17:17:43.3462884-04:00" testType="13cdc9d9-ddb5-4fa4-a97d-d965ccfc6d4b" outcome="Passed" testListId="8c84fa94-04c1-424b-9868-57a2d4851a1d" relativeResultsDirectory="42f87a18-b6a6-4e6f-8a0c-1531a87f31d0" />
    <UnitTestResult executionId="336d9ce2-4ec3-443c-ad8f-81078b365d27" testId="4a870b65-70e8-6097-132f-597ba012043a" testName="OptimisticConcurrency_SatisfiesSharedContract" computerName="BEAST-LAPTOP" duration="00:00:00.0203904" startTime="2026-08-26T17:17:43.1513065-04:00" endTime="2026-08-26T17:17:43.1717836-04:00" testType="13cdc9d9-ddb5-4fa4-a97d-d965ccfc6d4b" outcome="Passed" testListId="8c84fa94-04c1-424b-9868-57a2d4851a1d" relativeResultsDirectory="336d9ce2-4ec3-443c-ad8f-81078b365d27" />
    <UnitTestResult executionId="b3bdbfc0-a694-43f2-93f8-80e85fe91022" testId="80f7978e-f904-8096-c392-7156e5254871" testName="RawDocumentAndPage_SatisfySharedContract" computerName="BEAST-LAPTOP" duration="00:00:00.0549906" startTime="2026-08-26T17:17:43.3463582-04:00" endTime="2026-08-26T17:17:43.4014519-04:00" testType="13cdc9d9-ddb5-4fa4-a97d-d965ccfc6d4b" outcome="Passed" testListId="8c84fa94-04c1-424b-9868-57a2d4851a1d" relativeResultsDirectory="b3bdbfc0-a694-43f2-93f8-80e85fe91022" />
    <UnitTestResult executionId="6cf0d72e-9c84-4240-9c8c-d9ab98667f48" testId="b3b93969-220f-d33d-44d8-dfcc8894d48b" testName="ProjectionAndKeyLookup_SatisfySharedContract" computerName="BEAST-LAPTOP" duration="00:00:00.1174618" startTime="2026-08-26T17:17:43.2080287-04:00" endTime="2026-08-26T17:17:43.3255908-04:00" testType="13cdc9d9-ddb5-4fa4-a97d-d965ccfc6d4b" outcome="Passed" testListId="8c84fa94-04c1-424b-9868-57a2d4851a1d" relativeResultsDirectory="6cf0d72e-9c84-4240-9c8c-d9ab98667f48" />
    <UnitTestResult executionId="793218c5-2484-4c1b-a019-58bcf7a7d83a" testId="5740ce22-3e7d-27b1-bf70-6b394351048c" testName="QueryAndPaging_SatisfySharedContract" computerName="BEAST-LAPTOP" duration="00:00:00.0325664" startTime="2026-08-26T17:17:43.1185962-04:00" endTime="2026-08-26T17:17:43.1512538-04:00" testType="13cdc9d9-ddb5-4fa4-a97d-d965ccfc6d4b" outcome="Passed" testListId="8c84fa94-04c1-424b-9868-57a2d4851a1d" relativeResultsDirectory="793218c5-2484-4c1b-a019-58bcf7a7d83a" />
    <UnitTestResult executionId="b454494d-8276-4985-9624-fe509209ec10" testId="7ab050b8-5a69-2260-e077-287155f4f99e" testName="DatabaseIdentity_MatchesConfiguredDatabase" computerName="BEAST-LAPTOP" duration="00:00:00.1921149" startTime="2026-08-26T17:17:42.7214365-04:00" endTime="2026-08-26T17:17:42.9233013-04:00" testType="13cdc9d9-ddb5-4fa4-a97d-d965ccfc6d4b" outcome="Passed" testListId="8c84fa94-04c1-424b-9868-57a2d4851a1d" relativeResultsDirectory="b454494d-8276-4985-9624-fe509209ec10" />
    <UnitTestResult executionId="7217adda-bdaa-4870-9fb3-7015d37f3952" testId="7c53ee9f-6323-9c16-1f25-adeb7a495fd3" testName="CrudLifecycle_SatisfiesSharedContract" computerName="BEAST-LAPTOP" duration="00:00:00.1813371" startTime="2026-08-26T17:17:42.9263802-04:00" endTime="2026-08-26T17:17:43.1093758-04:00" testType="13cdc9d9-ddb5-4fa4-a97d-d965ccfc6d4b" outcome="Passed" testListId="8c84fa94-04c1-424b-9868-57a2d4851a1d" relativeResultsDirectory="7217adda-bdaa-4870-9fb3-7015d37f3952" />
  </Results>
  <TestDefinitions>
    <UnitTest name="RawDocumentAndPage_SatisfySharedContract" storage="d:\nuviot\cs.cloudstorage\tests\lagovista.storageprovider.tests\bin\debug\net9.0\lagovista.storageprovider.tests.dll" id="80f7978e-f904-8096-c392-7156e5254871">
      <TestCategory>
        <TestCategoryItem TestCategory="DocumentStorageContract" />
        <TestCategoryItem TestCategory="Mongo" />
      </TestCategory>
      <Execution id="b3bdbfc0-a694-43f2-93f8-80e85fe91022" />
      <TestMethod codeBase="D:\NuvIoT\cs.CloudStorage\tests\LagoVista.StorageProvider.Tests\bin\Debug\net9.0\LagoVista.StorageProvider.Tests.dll" adapterTypeName="executor://mstestadapter/v2" className="LagoVista.StorageProvider.Tests.Mongo.MongoDocumentStorageClientContractTests" name="RawDocumentAndPage_SatisfySharedContract" />
    </UnitTest>
    <UnitTest name="Patch_SatisfiesSharedContract" storage="d:\nuviot\cs.cloudstorage\tests\lagovista.storageprovider.tests\bin\debug\net9.0\lagovista.storageprovider.tests.dll" id="f5d4e47a-80dd-0a28-b83f-978228ba301e">
      <TestCategory>
        <TestCategoryItem TestCategory="DocumentStorageContract" />
        <TestCategoryItem TestCategory="Mongo" />
      </TestCategory>
      <Execution id="0052a07a-349a-40a0-b806-8d45729b55b6" />
      <TestMethod codeBase="D:\NuvIoT\cs.CloudStorage\tests\LagoVista.StorageProvider.Tests\bin\Debug\net9.0\LagoVista.StorageProvider.Tests.dll" adapterTypeName="executor://mstestadapter/v2" className="LagoVista.StorageProvider.Tests.Mongo.MongoDocumentStorageClientContractTests" name="Patch_SatisfiesSharedContract" />
    </UnitTest>
    <UnitTest name="QueryAndPaging_SatisfySharedContract" storage="d:\nuviot\cs.cloudstorage\tests\lagovista.storageprovider.tests\bin\debug\net9.0\lagovista.storageprovider.tests.dll" id="5740ce22-3e7d-27b1-bf70-6b394351048c">
      <TestCategory>
        <TestCategoryItem TestCategory="DocumentStorageContract" />
        <TestCategoryItem TestCategory="Mongo" />
      </TestCategory>
      <Execution id="793218c5-2484-4c1b-a019-58bcf7a7d83a" />
      <TestMethod codeBase="D:\NuvIoT\cs.CloudStorage\tests\LagoVista.StorageProvider.Tests\bin\Debug\net9.0\LagoVista.StorageProvider.Tests.dll" adapterTypeName="executor://mstestadapter/v2" className="LagoVista.StorageProvider.Tests.Mongo.MongoDocumentStorageClientContractTests" name="QueryAndPaging_SatisfySharedContract" />
    </UnitTest>
    <UnitTest name="NotFoundSemantics_SatisfySharedContract" storage="d:\nuviot\cs.cloudstorage\tests\lagovista.storageprovider.tests\bin\debug\net9.0\lagovista.storageprovider.tests.dll" id="a5f7bab7-f0a8-9b4c-0362-2588492d3849">
      <TestCategory>
        <TestCategoryItem TestCategory="DocumentStorageContract" />
        <TestCategoryItem TestCategory="Mongo" />
      </TestCategory>
      <Execution id="05abe85b-ee47-4515-9f09-c465dde2dbad" />
      <TestMethod codeBase="D:\NuvIoT\cs.CloudStorage\tests\LagoVista.StorageProvider.Tests\bin\Debug\net9.0\LagoVista.StorageProvider.Tests.dll" adapterTypeName="executor://mstestadapter/v2" className="LagoVista.StorageProvider.Tests.Mongo.MongoDocumentStorageClientContractTests" name="NotFoundSemantics_SatisfySharedContract" />
    </UnitTest>
    <UnitTest name="DatabaseIdentity_MatchesConfiguredDatabase" storage="d:\nuviot\cs.cloudstorage\tests\lagovista.storageprovider.tests\bin\debug\net9.0\lagovista.storageprovider.tests.dll" id="7ab050b8-5a69-2260-e077-287155f4f99e">
      <TestCategory>
        <TestCategoryItem TestCategory="DocumentStorageContract" />
        <TestCategoryItem TestCategory="Mongo" />
      </TestCategory>
      <Execution id="b454494d-8276-4985-9624-fe509209ec10" />
      <TestMethod codeBase="D:\NuvIoT\cs.CloudStorage\tests\LagoVista.StorageProvider.Tests\bin\Debug\net9.0\LagoVista.StorageProvider.Tests.dll" adapterTypeName="executor://mstestadapter/v2" className="LagoVista.StorageProvider.Tests.Mongo.MongoDocumentStorageClientContractTests" name="DatabaseIdentity_MatchesConfiguredDatabase" />
    </UnitTest>
    <UnitTest name="KnownEntityQueries_SatisfySharedContract" storage="d:\nuviot\cs.cloudstorage\tests\lagovista.storageprovider.tests\bin\debug\net9.0\lagovista.storageprovider.tests.dll" id="02689d0a-61e3-ba5e-036a-3b9228fc47d1">
      <TestCategory>
        <TestCategoryItem TestCategory="DocumentStorageContract" />
        <TestCategoryItem TestCategory="Mongo" />
      </TestCategory>
      <Execution id="c27f4a5d-496b-4dee-bc47-f297ee394f26" />
      <TestMethod codeBase="D:\NuvIoT\cs.CloudStorage\tests\LagoVista.StorageProvider.Tests\bin\Debug\net9.0\LagoVista.StorageProvider.Tests.dll" adapterTypeName="executor://mstestadapter/v2" className="LagoVista.StorageProvider.Tests.Mongo.MongoDocumentStorageClientContractTests" name="KnownEntityQueries_SatisfySharedContract" />
    </UnitTest>
    <UnitTest name="CrudLifecycle_SatisfiesSharedContract" storage="d:\nuviot\cs.cloudstorage\tests\lagovista.storageprovider.tests\bin\debug\net9.0\lagovista.storageprovider.tests.dll" id="7c53ee9f-6323-9c16-1f25-adeb7a495fd3">
      <TestCategory>
        <TestCategoryItem TestCategory="DocumentStorageContract" />
        <TestCategoryItem TestCategory="Mongo" />
      </TestCategory>
      <Execution id="7217adda-bdaa-4870-9fb3-7015d37f3952" />
      <TestMethod codeBase="D:\NuvIoT\cs.CloudStorage\tests\LagoVista.StorageProvider.Tests\bin\Debug\net9.0\LagoVista.StorageProvider.Tests.dll" adapterTypeName="executor://mstestadapter/v2" className="LagoVista.StorageProvider.Tests.Mongo.MongoDocumentStorageClientContractTests" name="CrudLifecycle_SatisfiesSharedContract" />
    </UnitTest>
    <UnitTest name="OptimisticConcurrency_SatisfiesSharedContract" storage="d:\nuviot\cs.cloudstorage\tests\lagovista.storageprovider.tests\bin\debug\net9.0\lagovista.storageprovider.tests.dll" id="4a870b65-70e8-6097-132f-597ba012043a">
      <TestCategory>
        <TestCategoryItem TestCategory="DocumentStorageContract" />
        <TestCategoryItem TestCategory="Mongo" />
      </TestCategory>
      <Execution id="336d9ce2-4ec3-443c-ad8f-81078b365d27" />
      <TestMethod codeBase="D:\NuvIoT\cs.CloudStorage\tests\LagoVista.StorageProvider.Tests\bin\Debug\net9.0\LagoVista.StorageProvider.Tests.dll" adapterTypeName="executor://mstestadapter/v2" className="LagoVista.StorageProvider.Tests.Mongo.MongoDocumentStorageClientContractTests" name="OptimisticConcurrency_SatisfiesSharedContract" />
    </UnitTest>
    <UnitTest name="ProjectionAndKeyLookup_SatisfySharedContract" storage="d:\nuviot\cs.cloudstorage\tests\lagovista.storageprovider.tests\bin\debug\net9.0\lagovista.storageprovider.tests.dll" id="b3b93969-220f-d33d-44d8-dfcc8894d48b">
      <TestCategory>
        <TestCategoryItem TestCategory="DocumentStorageContract" />
        <TestCategoryItem TestCategory="Mongo" />
      </TestCategory>
      <Execution id="6cf0d72e-9c84-4240-9c8c-d9ab98667f48" />
      <TestMethod codeBase="D:\NuvIoT\cs.CloudStorage\tests\LagoVista.StorageProvider.Tests\bin\Debug\net9.0\LagoVista.StorageProvider.Tests.dll" adapterTypeName="executor://mstestadapter/v2" className="LagoVista.StorageProvider.Tests.Mongo.MongoDocumentStorageClientContractTests" name="ProjectionAndKeyLookup_SatisfySharedContract" />
    </UnitTest>
    <UnitTest name="OwnedLookup_SatisfiesSharedContract" storage="d:\nuviot\cs.cloudstorage\tests\lagovista.storageprovider.tests\bin\debug\net9.0\lagovista.storageprovider.tests.dll" id="3b903429-2d9b-2027-c2bf-09e572807b2d">
      <TestCategory>
        <TestCategoryItem TestCategory="DocumentStorageContract" />
        <TestCategoryItem TestCategory="Mongo" />
      </TestCategory>
      <Execution id="42f87a18-b6a6-4e6f-8a0c-1531a87f31d0" />
      <TestMethod codeBase="D:\NuvIoT\cs.CloudStorage\tests\LagoVista.StorageProvider.Tests\bin\Debug\net9.0\LagoVista.StorageProvider.Tests.dll" adapterTypeName="executor://mstestadapter/v2" className="LagoVista.StorageProvider.Tests.Mongo.MongoDocumentStorageClientContractTests" name="OwnedLookup_SatisfiesSharedContract" />
    </UnitTest>
  </TestDefinitions>
  <TestEntries>
    <TestEntry testId="f5d4e47a-80dd-0a28-b83f-978228ba301e" executionId="0052a07a-349a-40a0-b806-8d45729b55b6" testListId="8c84fa94-04c1-424b-9868-57a2d4851a1d" />
    <TestEntry testId="02689d0a-61e3-ba5e-036a-3b9228fc47d1" executionId="c27f4a5d-496b-4dee-bc47-f297ee394f26" testListId="8c84fa94-04c1-424b-9868-57a2d4851a1d" />
    <TestEntry testId="a5f7bab7-f0a8-9b4c-0362-2588492d3849" executionId="05abe85b-ee47-4515-9f09-c465dde2dbad" testListId="8c84fa94-04c1-424b-9868-57a2d4851a1d" />
    <TestEntry testId="3b903429-2d9b-2027-c2bf-09e572807b2d" executionId="42f87a18-b6a6-4e6f-8a0c-1531a87f31d0" testListId="8c84fa94-04c1-424b-9868-57a2d4851a1d" />
    <TestEntry testId="4a870b65-70e8-6097-132f-597ba012043a" executionId="336d9ce2-4ec3-443c-ad8f-81078b365d27" testListId="8c84fa94-04c1-424b-9868-57a2d4851a1d" />
    <TestEntry testId="80f7978e-f904-8096-c392-7156e5254871" executionId="b3bdbfc0-a694-43f2-93f8-80e85fe91022" testListId="8c84fa94-04c1-424b-9868-57a2d4851a1d" />
    <TestEntry testId="b3b93969-220f-d33d-44d8-dfcc8894d48b" executionId="6cf0d72e-9c84-4240-9c8c-d9ab98667f48" testListId="8c84fa94-04c1-424b-9868-57a2d4851a1d" />
    <TestEntry testId="5740ce22-3e7d-27b1-bf70-6b394351048c" executionId="793218c5-2484-4c1b-a019-58bcf7a7d83a" testListId="8c84fa94-04c1-424b-9868-57a2d4851a1d" />
    <TestEntry testId="7ab050b8-5a69-2260-e077-287155f4f99e" executionId="b454494d-8276-4985-9624-fe509209ec10" testListId="8c84fa94-04c1-424b-9868-57a2d4851a1d" />
    <TestEntry testId="7c53ee9f-6323-9c16-1f25-adeb7a495fd3" executionId="7217adda-bdaa-4870-9fb3-7015d37f3952" testListId="8c84fa94-04c1-424b-9868-57a2d4851a1d" />
  </TestEntries>
  <TestLists>
    <TestList name="Results Not in a List" id="8c84fa94-04c1-424b-9868-57a2d4851a1d" />
    <TestList name="All Loaded Results" id="19431567-8539-422a-85d7-44ee4e166bda" />
  </TestLists>
  <ResultSummary outcome="Completed">
    <Counters total="10" executed="10" passed="10" failed="0" error="0" timeout="0" aborted="0" inconclusive="0" passedButRunAborted="0" notRunnable="0" notExecuted="0" disconnected="0" warning="0" completed="0" inProgress="0" pending="0" />
    <Output>
      <StdOut>NUnit Adapter 5.1.0.0: Test execution started&#xD;
Running selected tests in D:\NuvIoT\cs.CloudStorage\tests\LagoVista.StorageProvider.Tests\bin\Debug\net9.0\LagoVista.StorageProvider.Tests.dll&#xD;
   NUnit3TestExecutor discovered 0 of 0 NUnit test cases using Current Discovery mode, Explicit run&#xD;
NUnit Adapter 5.1.0.0: Test execution complete&#xD;
</StdOut>
    </Output>
  </ResultSummary>
</TestRun>