<?xml version="1.0" encoding="utf-8"?>
<TestRun id="8f453d95-2a72-45b1-bb29-9d745dd53397" name="kevin@BEAST-LAPTOP 2026-08-26 16:32:30" runUser="BEAST-LAPTOP\kevin" xmlns="http://microsoft.com/schemas/VisualStudio/TeamTest/2010">
  <Times creation="2026-08-26T16:32:30.2030039-04:00" queuing="2026-08-26T16:32:30.2030043-04:00" start="2026-08-26T16:32:29.1831577-04:00" finish="2026-08-26T16:32:30.2090985-04:00" />
  <TestSettings name="default" id="ad15d890-d079-472c-b2d9-353c9a1c225d">
    <Deployment runDeploymentRoot="kevin_BEAST-LAPTOP_2026-08-26_16_32_30" />
  </TestSettings>
  <Results>
    <UnitTestResult executionId="d0d23f8c-a2bb-4bda-87cf-4cf829ca8187" testId="7c53ee9f-6323-9c16-1f25-adeb7a495fd3" testName="CrudLifecycle_SatisfiesSharedContract" computerName="BEAST-LAPTOP" duration="00:00:00.2128774" startTime="2026-08-26T16:32:29.8157774-04:00" endTime="2026-08-26T16:32:30.0303280-04:00" testType="13cdc9d9-ddb5-4fa4-a97d-d965ccfc6d4b" outcome="Failed" testListId="8c84fa94-04c1-424b-9868-57a2d4851a1d" relativeResultsDirectory="d0d23f8c-a2bb-4bda-87cf-4cf829ca8187">
      <Output>
        <ErrorInfo>
          <Message>Test method LagoVista.StorageProvider.Tests.Mongo.MongoDocumentStorageClientContractTests.CrudLifecycle_SatisfiesSharedContract threw exception: &#xD;
MongoDB.Driver.MongoWriteException: A write operation resulted in an error. WriteError: { Category : "Uncategorized", Code : 224, Message : "$expr is not allowed in the query predicate for an upsert" }. ---&gt; MongoDB.Driver.MongoBulkWriteException`1[LagoVista.StorageProvider.Tests.DocumentStorage.ContractDocumentEntity]: A bulk write operation resulted in one or more errors. WriteErrors: [ { Category : "Uncategorized", Code : 224, Message : "$expr is not allowed in the query predicate for an upsert" } ].</Message>
          <StackTrace>   at MongoDB.Driver.MongoCollectionImpl`1.BulkWriteAsync(IClientSessionHandle session, IEnumerable`1 requests, BulkWriteOptions options, CancellationToken cancellationToken)&#xD;
   at MongoDB.Driver.MongoCollectionImpl`1.BulkWriteAsync(IEnumerable`1 requests, BulkWriteOptions options, CancellationToken cancellationToken)&#xD;
   at MongoDB.Driver.MongoCollectionBase`1.ReplaceOneAsync(FilterDefinition`1 filter, TDocument replacement, ReplaceOptions options, Func`3 bulkWriteAsync)&#xD;
--- End of inner exception stack trace ---&#xD;
   at MongoDB.Driver.MongoCollectionBase`1.ReplaceOneAsync(FilterDefinition`1 filter, TDocument replacement, ReplaceOptions options, Func`3 bulkWriteAsync)&#xD;
   at LagoVista.CloudStorage.StorageProviders.MongoDocumentStorageClient.UpsertDocumentAsync[TEntity](TEntity item, String eTag) in D:\NuvIoT\cs.CloudStorage\src\LagoVista.CloudStorage\Storage\StorageProviders\Mongo\MongoDocumentStorageClient.cs:line 184&#xD;
   at LagoVista.StorageProvider.Tests.DocumentStorage.DocumentStorageClientContract.CrudLifecycleAsync(IDocumentStorageClient client, String partitionKey) in D:\NuvIoT\cs.CloudStorage\tests\LagoVista.StorageProvider.Tests\DocumentStorage\DocumentStorageClientContract.cs:line 40&#xD;
</StackTrace>
        </ErrorInfo>
      </Output>
    </UnitTestResult>
    <UnitTestResult executionId="55dbe9e6-4ba3-42fd-860b-f4c66c4750b7" testId="7ab050b8-5a69-2260-e077-287155f4f99e" testName="DatabaseIdentity_MatchesConfiguredDatabase" computerName="BEAST-LAPTOP" duration="00:00:00.2094242" startTime="2026-08-26T16:32:29.5907973-04:00" endTime="2026-08-26T16:32:29.8123183-04:00" testType="13cdc9d9-ddb5-4fa4-a97d-d965ccfc6d4b" outcome="Passed" testListId="8c84fa94-04c1-424b-9868-57a2d4851a1d" relativeResultsDirectory="55dbe9e6-4ba3-42fd-860b-f4c66c4750b7" />
    <UnitTestResult executionId="ad65f05d-47e8-4c11-9fae-8456fc474201" testId="a5f7bab7-f0a8-9b4c-0362-2588492d3849" testName="NotFoundSemantics_SatisfySharedContract" computerName="BEAST-LAPTOP" duration="00:00:00.0168990" startTime="2026-08-26T16:32:30.0304453-04:00" endTime="2026-08-26T16:32:30.0484018-04:00" testType="13cdc9d9-ddb5-4fa4-a97d-d965ccfc6d4b" outcome="Passed" testListId="8c84fa94-04c1-424b-9868-57a2d4851a1d" relativeResultsDirectory="ad65f05d-47e8-4c11-9fae-8456fc474201" />
  </Results>
  <TestDefinitions>
    <UnitTest name="NotFoundSemantics_SatisfySharedContract" storage="d:\nuviot\cs.cloudstorage\tests\lagovista.storageprovider.tests\bin\debug\net9.0\lagovista.storageprovider.tests.dll" id="a5f7bab7-f0a8-9b4c-0362-2588492d3849">
      <TestCategory>
        <TestCategoryItem TestCategory="DocumentStorageContract" />
        <TestCategoryItem TestCategory="Mongo" />
      </TestCategory>
      <Execution id="ad65f05d-47e8-4c11-9fae-8456fc474201" />
      <TestMethod codeBase="D:\NuvIoT\cs.CloudStorage\tests\LagoVista.StorageProvider.Tests\bin\Debug\net9.0\LagoVista.StorageProvider.Tests.dll" adapterTypeName="executor://mstestadapter/v2" className="LagoVista.StorageProvider.Tests.Mongo.MongoDocumentStorageClientContractTests" name="NotFoundSemantics_SatisfySharedContract" />
    </UnitTest>
    <UnitTest name="DatabaseIdentity_MatchesConfiguredDatabase" storage="d:\nuviot\cs.cloudstorage\tests\lagovista.storageprovider.tests\bin\debug\net9.0\lagovista.storageprovider.tests.dll" id="7ab050b8-5a69-2260-e077-287155f4f99e">
      <TestCategory>
        <TestCategoryItem TestCategory="DocumentStorageContract" />
        <TestCategoryItem TestCategory="Mongo" />
      </TestCategory>
      <Execution id="55dbe9e6-4ba3-42fd-860b-f4c66c4750b7" />
      <TestMethod codeBase="D:\NuvIoT\cs.CloudStorage\tests\LagoVista.StorageProvider.Tests\bin\Debug\net9.0\LagoVista.StorageProvider.Tests.dll" adapterTypeName="executor://mstestadapter/v2" className="LagoVista.StorageProvider.Tests.Mongo.MongoDocumentStorageClientContractTests" name="DatabaseIdentity_MatchesConfiguredDatabase" />
    </UnitTest>
    <UnitTest name="CrudLifecycle_SatisfiesSharedContract" storage="d:\nuviot\cs.cloudstorage\tests\lagovista.storageprovider.tests\bin\debug\net9.0\lagovista.storageprovider.tests.dll" id="7c53ee9f-6323-9c16-1f25-adeb7a495fd3">
      <TestCategory>
        <TestCategoryItem TestCategory="DocumentStorageContract" />
        <TestCategoryItem TestCategory="Mongo" />
      </TestCategory>
      <Execution id="d0d23f8c-a2bb-4bda-87cf-4cf829ca8187" />
      <TestMethod codeBase="D:\NuvIoT\cs.CloudStorage\tests\LagoVista.StorageProvider.Tests\bin\Debug\net9.0\LagoVista.StorageProvider.Tests.dll" adapterTypeName="executor://mstestadapter/v2" className="LagoVista.StorageProvider.Tests.Mongo.MongoDocumentStorageClientContractTests" name="CrudLifecycle_SatisfiesSharedContract" />
    </UnitTest>
  </TestDefinitions>
  <TestEntries>
    <TestEntry testId="7c53ee9f-6323-9c16-1f25-adeb7a495fd3" executionId="d0d23f8c-a2bb-4bda-87cf-4cf829ca8187" testListId="8c84fa94-04c1-424b-9868-57a2d4851a1d" />
    <TestEntry testId="7ab050b8-5a69-2260-e077-287155f4f99e" executionId="55dbe9e6-4ba3-42fd-860b-f4c66c4750b7" testListId="8c84fa94-04c1-424b-9868-57a2d4851a1d" />
    <TestEntry testId="a5f7bab7-f0a8-9b4c-0362-2588492d3849" executionId="ad65f05d-47e8-4c11-9fae-8456fc474201" testListId="8c84fa94-04c1-424b-9868-57a2d4851a1d" />
  </TestEntries>
  <TestLists>
    <TestList name="Results Not in a List" id="8c84fa94-04c1-424b-9868-57a2d4851a1d" />
    <TestList name="All Loaded Results" id="19431567-8539-422a-85d7-44ee4e166bda" />
  </TestLists>
  <ResultSummary outcome="Failed">
    <Counters total="3" executed="3" passed="2" failed="1" error="0" timeout="0" aborted="0" inconclusive="0" passedButRunAborted="0" notRunnable="0" notExecuted="0" disconnected="0" warning="0" completed="0" inProgress="0" pending="0" />
    <Output>
      <StdOut>NUnit Adapter 5.1.0.0: Test execution started&#xD;
Running selected tests in D:\NuvIoT\cs.CloudStorage\tests\LagoVista.StorageProvider.Tests\bin\Debug\net9.0\LagoVista.StorageProvider.Tests.dll&#xD;
   NUnit3TestExecutor discovered 0 of 0 NUnit test cases using Current Discovery mode, Explicit run&#xD;
NUnit Adapter 5.1.0.0: Test execution complete&#xD;
</StdOut>
    </Output>
  </ResultSummary>
</TestRun>