<?xml version="1.0" encoding="utf-8"?>
<TestRun id="a7432f21-b4e7-4dfd-bb1d-f4093b871f8b" name="kevin@BEAST-LAPTOP 2026-08-26 17:14:49" runUser="BEAST-LAPTOP\kevin" xmlns="http://microsoft.com/schemas/VisualStudio/TeamTest/2010">
  <Times creation="2026-08-26T17:14:49.2641080-04:00" queuing="2026-08-26T17:14:49.2641082-04:00" start="2026-08-26T17:14:48.0187197-04:00" finish="2026-08-26T17:14:49.2687901-04:00" />
  <TestSettings name="default" id="c35ea248-3cf6-440a-97ec-f43bf55ea0dc">
    <Deployment runDeploymentRoot="kevin_BEAST-LAPTOP_2026-08-26_17_14_49" />
  </TestSettings>
  <Results>
    <UnitTestResult executionId="85daff7e-33b5-447e-97ff-56113f84d1ee" testId="3b903429-2d9b-2027-c2bf-09e572807b2d" testName="OwnedLookup_SatisfiesSharedContract" computerName="BEAST-LAPTOP" duration="00:00:00.0196605" startTime="2026-08-26T17:14:49.0585289-04:00" endTime="2026-08-26T17:14:49.0782792-04:00" testType="13cdc9d9-ddb5-4fa4-a97d-d965ccfc6d4b" outcome="Passed" testListId="8c84fa94-04c1-424b-9868-57a2d4851a1d" relativeResultsDirectory="85daff7e-33b5-447e-97ff-56113f84d1ee" />
    <UnitTestResult executionId="a46a7a92-2911-4a2b-8065-5bfbbefaa9ac" testId="5740ce22-3e7d-27b1-bf70-6b394351048c" testName="QueryAndPaging_SatisfySharedContract" computerName="BEAST-LAPTOP" duration="00:00:00.0390226" startTime="2026-08-26T17:14:48.8395383-04:00" endTime="2026-08-26T17:14:48.8786600-04:00" testType="13cdc9d9-ddb5-4fa4-a97d-d965ccfc6d4b" outcome="Passed" testListId="8c84fa94-04c1-424b-9868-57a2d4851a1d" relativeResultsDirectory="a46a7a92-2911-4a2b-8065-5bfbbefaa9ac" />
    <UnitTestResult executionId="bf86575c-39d7-4a4d-8c08-99a09d629094" testId="7c53ee9f-6323-9c16-1f25-adeb7a495fd3" testName="CrudLifecycle_SatisfiesSharedContract" computerName="BEAST-LAPTOP" duration="00:00:00.1802765" startTime="2026-08-26T17:14:48.6482911-04:00" endTime="2026-08-26T17:14:48.8301774-04:00" testType="13cdc9d9-ddb5-4fa4-a97d-d965ccfc6d4b" outcome="Passed" testListId="8c84fa94-04c1-424b-9868-57a2d4851a1d" relativeResultsDirectory="bf86575c-39d7-4a4d-8c08-99a09d629094" />
    <UnitTestResult executionId="38edaf71-a142-4f39-9759-05caaa36e0d9" testId="80f7978e-f904-8096-c392-7156e5254871" testName="RawDocumentAndPage_SatisfySharedContract" computerName="BEAST-LAPTOP" duration="00:00:00.0384672" startTime="2026-08-26T17:14:49.0783381-04:00" endTime="2026-08-26T17:14:49.1177841-04:00" testType="13cdc9d9-ddb5-4fa4-a97d-d965ccfc6d4b" outcome="Passed" testListId="8c84fa94-04c1-424b-9868-57a2d4851a1d" relativeResultsDirectory="38edaf71-a142-4f39-9759-05caaa36e0d9" />
    <UnitTestResult executionId="a38dc0a3-9407-4481-b285-3a944cbe6a2c" testId="a5f7bab7-f0a8-9b4c-0362-2588492d3849" testName="NotFoundSemantics_SatisfySharedContract" computerName="BEAST-LAPTOP" duration="00:00:00.0089151" startTime="2026-08-26T17:14:48.8304382-04:00" endTime="2026-08-26T17:14:48.8394878-04:00" testType="13cdc9d9-ddb5-4fa4-a97d-d965ccfc6d4b" outcome="Passed" testListId="8c84fa94-04c1-424b-9868-57a2d4851a1d" relativeResultsDirectory="a38dc0a3-9407-4481-b285-3a944cbe6a2c" />
    <UnitTestResult executionId="5a0f7ad6-1b9d-4e42-a12c-133a28b81f74" testId="f5d4e47a-80dd-0a28-b83f-978228ba301e" testName="Patch_SatisfiesSharedContract" computerName="BEAST-LAPTOP" duration="00:00:00.0368463" startTime="2026-08-26T17:14:48.9032639-04:00" endTime="2026-08-26T17:14:48.9402094-04:00" testType="13cdc9d9-ddb5-4fa4-a97d-d965ccfc6d4b" outcome="Passed" testListId="8c84fa94-04c1-424b-9868-57a2d4851a1d" relativeResultsDirectory="5a0f7ad6-1b9d-4e42-a12c-133a28b81f74" />
    <UnitTestResult executionId="03159bd0-cb9a-4ad9-b15c-adfd58ef39ea" testId="b3b93969-220f-d33d-44d8-dfcc8894d48b" testName="ProjectionAndKeyLookup_SatisfySharedContract" computerName="BEAST-LAPTOP" duration="00:00:00.1181161" startTime="2026-08-26T17:14:48.9402638-04:00" endTime="2026-08-26T17:14:49.0584747-04:00" testType="13cdc9d9-ddb5-4fa4-a97d-d965ccfc6d4b" outcome="Passed" testListId="8c84fa94-04c1-424b-9868-57a2d4851a1d" relativeResultsDirectory="03159bd0-cb9a-4ad9-b15c-adfd58ef39ea" />
    <UnitTestResult executionId="deaf9833-7399-46a0-912b-d1e21694ac49" testId="4a870b65-70e8-6097-132f-597ba012043a" testName="OptimisticConcurrency_SatisfiesSharedContract" computerName="BEAST-LAPTOP" duration="00:00:00.0243241" startTime="2026-08-26T17:14:48.8787423-04:00" endTime="2026-08-26T17:14:48.9031949-04:00" testType="13cdc9d9-ddb5-4fa4-a97d-d965ccfc6d4b" outcome="Passed" testListId="8c84fa94-04c1-424b-9868-57a2d4851a1d" relativeResultsDirectory="deaf9833-7399-46a0-912b-d1e21694ac49" />
    <UnitTestResult executionId="bdca5947-dcb6-45f1-bcae-4c9da70760ee" testId="7ab050b8-5a69-2260-e077-287155f4f99e" testName="DatabaseIdentity_MatchesConfiguredDatabase" computerName="BEAST-LAPTOP" duration="00:00:00.2094527" startTime="2026-08-26T17:14:48.4207971-04:00" endTime="2026-08-26T17:14:48.6453966-04:00" testType="13cdc9d9-ddb5-4fa4-a97d-d965ccfc6d4b" outcome="Passed" testListId="8c84fa94-04c1-424b-9868-57a2d4851a1d" relativeResultsDirectory="bdca5947-dcb6-45f1-bcae-4c9da70760ee" />
  </Results>
  <TestDefinitions>
    <UnitTest name="RawDocumentAndPage_SatisfySharedContract" storage="d:\nuviot\cs.cloudstorage\tests\lagovista.storageprovider.tests\bin\debug\net9.0\lagovista.storageprovider.tests.dll" id="80f7978e-f904-8096-c392-7156e5254871">
      <TestCategory>
        <TestCategoryItem TestCategory="Mongo" />
        <TestCategoryItem TestCategory="DocumentStorageContract" />
      </TestCategory>
      <Execution id="38edaf71-a142-4f39-9759-05caaa36e0d9" />
      <TestMethod codeBase="D:\NuvIoT\cs.CloudStorage\tests\LagoVista.StorageProvider.Tests\bin\Debug\net9.0\LagoVista.StorageProvider.Tests.dll" adapterTypeName="executor://mstestadapter/v2" className="LagoVista.StorageProvider.Tests.Mongo.MongoDocumentStorageClientContractTests" name="RawDocumentAndPage_SatisfySharedContract" />
    </UnitTest>
    <UnitTest name="Patch_SatisfiesSharedContract" storage="d:\nuviot\cs.cloudstorage\tests\lagovista.storageprovider.tests\bin\debug\net9.0\lagovista.storageprovider.tests.dll" id="f5d4e47a-80dd-0a28-b83f-978228ba301e">
      <TestCategory>
        <TestCategoryItem TestCategory="Mongo" />
        <TestCategoryItem TestCategory="DocumentStorageContract" />
      </TestCategory>
      <Execution id="5a0f7ad6-1b9d-4e42-a12c-133a28b81f74" />
      <TestMethod codeBase="D:\NuvIoT\cs.CloudStorage\tests\LagoVista.StorageProvider.Tests\bin\Debug\net9.0\LagoVista.StorageProvider.Tests.dll" adapterTypeName="executor://mstestadapter/v2" className="LagoVista.StorageProvider.Tests.Mongo.MongoDocumentStorageClientContractTests" name="Patch_SatisfiesSharedContract" />
    </UnitTest>
    <UnitTest name="QueryAndPaging_SatisfySharedContract" storage="d:\nuviot\cs.cloudstorage\tests\lagovista.storageprovider.tests\bin\debug\net9.0\lagovista.storageprovider.tests.dll" id="5740ce22-3e7d-27b1-bf70-6b394351048c">
      <TestCategory>
        <TestCategoryItem TestCategory="Mongo" />
        <TestCategoryItem TestCategory="DocumentStorageContract" />
      </TestCategory>
      <Execution id="a46a7a92-2911-4a2b-8065-5bfbbefaa9ac" />
      <TestMethod codeBase="D:\NuvIoT\cs.CloudStorage\tests\LagoVista.StorageProvider.Tests\bin\Debug\net9.0\LagoVista.StorageProvider.Tests.dll" adapterTypeName="executor://mstestadapter/v2" className="LagoVista.StorageProvider.Tests.Mongo.MongoDocumentStorageClientContractTests" name="QueryAndPaging_SatisfySharedContract" />
    </UnitTest>
    <UnitTest name="NotFoundSemantics_SatisfySharedContract" storage="d:\nuviot\cs.cloudstorage\tests\lagovista.storageprovider.tests\bin\debug\net9.0\lagovista.storageprovider.tests.dll" id="a5f7bab7-f0a8-9b4c-0362-2588492d3849">
      <TestCategory>
        <TestCategoryItem TestCategory="Mongo" />
        <TestCategoryItem TestCategory="DocumentStorageContract" />
      </TestCategory>
      <Execution id="a38dc0a3-9407-4481-b285-3a944cbe6a2c" />
      <TestMethod codeBase="D:\NuvIoT\cs.CloudStorage\tests\LagoVista.StorageProvider.Tests\bin\Debug\net9.0\LagoVista.StorageProvider.Tests.dll" adapterTypeName="executor://mstestadapter/v2" className="LagoVista.StorageProvider.Tests.Mongo.MongoDocumentStorageClientContractTests" name="NotFoundSemantics_SatisfySharedContract" />
    </UnitTest>
    <UnitTest name="DatabaseIdentity_MatchesConfiguredDatabase" storage="d:\nuviot\cs.cloudstorage\tests\lagovista.storageprovider.tests\bin\debug\net9.0\lagovista.storageprovider.tests.dll" id="7ab050b8-5a69-2260-e077-287155f4f99e">
      <TestCategory>
        <TestCategoryItem TestCategory="Mongo" />
        <TestCategoryItem TestCategory="DocumentStorageContract" />
      </TestCategory>
      <Execution id="bdca5947-dcb6-45f1-bcae-4c9da70760ee" />
      <TestMethod codeBase="D:\NuvIoT\cs.CloudStorage\tests\LagoVista.StorageProvider.Tests\bin\Debug\net9.0\LagoVista.StorageProvider.Tests.dll" adapterTypeName="executor://mstestadapter/v2" className="LagoVista.StorageProvider.Tests.Mongo.MongoDocumentStorageClientContractTests" name="DatabaseIdentity_MatchesConfiguredDatabase" />
    </UnitTest>
    <UnitTest name="CrudLifecycle_SatisfiesSharedContract" storage="d:\nuviot\cs.cloudstorage\tests\lagovista.storageprovider.tests\bin\debug\net9.0\lagovista.storageprovider.tests.dll" id="7c53ee9f-6323-9c16-1f25-adeb7a495fd3">
      <TestCategory>
        <TestCategoryItem TestCategory="Mongo" />
        <TestCategoryItem TestCategory="DocumentStorageContract" />
      </TestCategory>
      <Execution id="bf86575c-39d7-4a4d-8c08-99a09d629094" />
      <TestMethod codeBase="D:\NuvIoT\cs.CloudStorage\tests\LagoVista.StorageProvider.Tests\bin\Debug\net9.0\LagoVista.StorageProvider.Tests.dll" adapterTypeName="executor://mstestadapter/v2" className="LagoVista.StorageProvider.Tests.Mongo.MongoDocumentStorageClientContractTests" name="CrudLifecycle_SatisfiesSharedContract" />
    </UnitTest>
    <UnitTest name="OptimisticConcurrency_SatisfiesSharedContract" storage="d:\nuviot\cs.cloudstorage\tests\lagovista.storageprovider.tests\bin\debug\net9.0\lagovista.storageprovider.tests.dll" id="4a870b65-70e8-6097-132f-597ba012043a">
      <TestCategory>
        <TestCategoryItem TestCategory="Mongo" />
        <TestCategoryItem TestCategory="DocumentStorageContract" />
      </TestCategory>
      <Execution id="deaf9833-7399-46a0-912b-d1e21694ac49" />
      <TestMethod codeBase="D:\NuvIoT\cs.CloudStorage\tests\LagoVista.StorageProvider.Tests\bin\Debug\net9.0\LagoVista.StorageProvider.Tests.dll" adapterTypeName="executor://mstestadapter/v2" className="LagoVista.StorageProvider.Tests.Mongo.MongoDocumentStorageClientContractTests" name="OptimisticConcurrency_SatisfiesSharedContract" />
    </UnitTest>
    <UnitTest name="ProjectionAndKeyLookup_SatisfySharedContract" storage="d:\nuviot\cs.cloudstorage\tests\lagovista.storageprovider.tests\bin\debug\net9.0\lagovista.storageprovider.tests.dll" id="b3b93969-220f-d33d-44d8-dfcc8894d48b">
      <TestCategory>
        <TestCategoryItem TestCategory="Mongo" />
        <TestCategoryItem TestCategory="DocumentStorageContract" />
      </TestCategory>
      <Execution id="03159bd0-cb9a-4ad9-b15c-adfd58ef39ea" />
      <TestMethod codeBase="D:\NuvIoT\cs.CloudStorage\tests\LagoVista.StorageProvider.Tests\bin\Debug\net9.0\LagoVista.StorageProvider.Tests.dll" adapterTypeName="executor://mstestadapter/v2" className="LagoVista.StorageProvider.Tests.Mongo.MongoDocumentStorageClientContractTests" name="ProjectionAndKeyLookup_SatisfySharedContract" />
    </UnitTest>
    <UnitTest name="OwnedLookup_SatisfiesSharedContract" storage="d:\nuviot\cs.cloudstorage\tests\lagovista.storageprovider.tests\bin\debug\net9.0\lagovista.storageprovider.tests.dll" id="3b903429-2d9b-2027-c2bf-09e572807b2d">
      <TestCategory>
        <TestCategoryItem TestCategory="Mongo" />
        <TestCategoryItem TestCategory="DocumentStorageContract" />
      </TestCategory>
      <Execution id="85daff7e-33b5-447e-97ff-56113f84d1ee" />
      <TestMethod codeBase="D:\NuvIoT\cs.CloudStorage\tests\LagoVista.StorageProvider.Tests\bin\Debug\net9.0\LagoVista.StorageProvider.Tests.dll" adapterTypeName="executor://mstestadapter/v2" className="LagoVista.StorageProvider.Tests.Mongo.MongoDocumentStorageClientContractTests" name="OwnedLookup_SatisfiesSharedContract" />
    </UnitTest>
  </TestDefinitions>
  <TestEntries>
    <TestEntry testId="3b903429-2d9b-2027-c2bf-09e572807b2d" executionId="85daff7e-33b5-447e-97ff-56113f84d1ee" testListId="8c84fa94-04c1-424b-9868-57a2d4851a1d" />
    <TestEntry testId="5740ce22-3e7d-27b1-bf70-6b394351048c" executionId="a46a7a92-2911-4a2b-8065-5bfbbefaa9ac" testListId="8c84fa94-04c1-424b-9868-57a2d4851a1d" />
    <TestEntry testId="7c53ee9f-6323-9c16-1f25-adeb7a495fd3" executionId="bf86575c-39d7-4a4d-8c08-99a09d629094" testListId="8c84fa94-04c1-424b-9868-57a2d4851a1d" />
    <TestEntry testId="80f7978e-f904-8096-c392-7156e5254871" executionId="38edaf71-a142-4f39-9759-05caaa36e0d9" testListId="8c84fa94-04c1-424b-9868-57a2d4851a1d" />
    <TestEntry testId="a5f7bab7-f0a8-9b4c-0362-2588492d3849" executionId="a38dc0a3-9407-4481-b285-3a944cbe6a2c" testListId="8c84fa94-04c1-424b-9868-57a2d4851a1d" />
    <TestEntry testId="f5d4e47a-80dd-0a28-b83f-978228ba301e" executionId="5a0f7ad6-1b9d-4e42-a12c-133a28b81f74" testListId="8c84fa94-04c1-424b-9868-57a2d4851a1d" />
    <TestEntry testId="b3b93969-220f-d33d-44d8-dfcc8894d48b" executionId="03159bd0-cb9a-4ad9-b15c-adfd58ef39ea" testListId="8c84fa94-04c1-424b-9868-57a2d4851a1d" />
    <TestEntry testId="4a870b65-70e8-6097-132f-597ba012043a" executionId="deaf9833-7399-46a0-912b-d1e21694ac49" testListId="8c84fa94-04c1-424b-9868-57a2d4851a1d" />
    <TestEntry testId="7ab050b8-5a69-2260-e077-287155f4f99e" executionId="bdca5947-dcb6-45f1-bcae-4c9da70760ee" testListId="8c84fa94-04c1-424b-9868-57a2d4851a1d" />
  </TestEntries>
  <TestLists>
    <TestList name="Results Not in a List" id="8c84fa94-04c1-424b-9868-57a2d4851a1d" />
    <TestList name="All Loaded Results" id="19431567-8539-422a-85d7-44ee4e166bda" />
  </TestLists>
  <ResultSummary outcome="Completed">
    <Counters total="9" executed="9" passed="9" failed="0" error="0" timeout="0" aborted="0" inconclusive="0" passedButRunAborted="0" notRunnable="0" notExecuted="0" disconnected="0" warning="0" completed="0" inProgress="0" pending="0" />
    <Output>
      <StdOut>NUnit Adapter 5.1.0.0: Test execution started&#xD;
Running selected tests in D:\NuvIoT\cs.CloudStorage\tests\LagoVista.StorageProvider.Tests\bin\Debug\net9.0\LagoVista.StorageProvider.Tests.dll&#xD;
   NUnit3TestExecutor discovered 0 of 0 NUnit test cases using Current Discovery mode, Explicit run&#xD;
NUnit Adapter 5.1.0.0: Test execution complete&#xD;
</StdOut>
    </Output>
  </ResultSummary>
</TestRun>