<?xml version="1.0" encoding="utf-8"?>
<TestRun id="40b96861-60c4-4674-af9b-bf37931eada4" name="kevin@BEAST-LAPTOP 2026-08-26 15:32:22" runUser="BEAST-LAPTOP\kevin" xmlns="http://microsoft.com/schemas/VisualStudio/TeamTest/2010">
  <Times creation="2026-08-26T15:32:22.5746396-04:00" queuing="2026-08-26T15:32:22.5746399-04:00" start="2026-08-26T15:32:21.2307270-04:00" finish="2026-08-26T15:32:22.5823977-04:00" />
  <TestSettings name="default" id="02e3e650-17a7-4a19-8914-25a87a916618">
    <Deployment runDeploymentRoot="kevin_BEAST-LAPTOP_2026-08-26_15_32_22" />
  </TestSettings>
  <Results>
    <UnitTestResult executionId="6600a076-8f80-4695-b2b6-409b41620601" testId="3a5f503f-3629-0b2f-dac3-0d6797234fd3" testName="CrudQueryPagingAndDeterministicCollections_WorkEndToEnd" computerName="BEAST-LAPTOP" duration="00:00:00.3642496" startTime="2026-08-26T15:32:21.9260827-04:00" endTime="2026-08-26T15:32:22.3083275-04:00" testType="13cdc9d9-ddb5-4fa4-a97d-d965ccfc6d4b" outcome="Failed" testListId="8c84fa94-04c1-424b-9868-57a2d4851a1d" relativeResultsDirectory="6600a076-8f80-4695-b2b6-409b41620601">
      <Output>
        <ErrorInfo>
          <Message>One or more errors occurred. (Test method LagoVista.StorageProvider.Tests.Mongo.MongoApplicationDataStoreIntegrationTests.CrudQueryPagingAndDeterministicCollections_WorkEndToEnd threw exception: &#xD;
MongoDB.Driver.MongoCommandException: Command createIndexes failed: db name must be at most 63 characters, found: 65.) (TestCleanup method LagoVista.StorageProvider.Tests.Mongo.MongoApplicationDataStoreIntegrationTests.TearDownAsync threw exception. MongoDB.Driver.MongoCommandException: Command dropDatabase failed: db name must be at most 63 characters, found: 65..)</Message>
        </ErrorInfo>
      </Output>
    </UnitTestResult>
    <UnitTestResult executionId="4a0063bc-bdbb-49f5-80ee-437492d7e9b0" testId="674e4f9a-310c-c424-542c-02e5478bb876" testName="Insert_PreservesAuthoritativeSourceTimestamps" computerName="BEAST-LAPTOP" duration="00:00:00.0111844" startTime="2026-08-26T15:32:22.3123267-04:00" endTime="2026-08-26T15:32:22.3250249-04:00" testType="13cdc9d9-ddb5-4fa4-a97d-d965ccfc6d4b" outcome="Failed" testListId="8c84fa94-04c1-424b-9868-57a2d4851a1d" relativeResultsDirectory="4a0063bc-bdbb-49f5-80ee-437492d7e9b0">
      <Output>
        <ErrorInfo>
          <Message>One or more errors occurred. (Test method LagoVista.StorageProvider.Tests.Mongo.MongoApplicationDataStoreIntegrationTests.Insert_PreservesAuthoritativeSourceTimestamps threw exception: &#xD;
MongoDB.Driver.MongoCommandException: Command createIndexes failed: db name must be at most 63 characters, found: 65.) (TestCleanup method LagoVista.StorageProvider.Tests.Mongo.MongoApplicationDataStoreIntegrationTests.TearDownAsync threw exception. MongoDB.Driver.MongoCommandException: Command dropDatabase failed: db name must be at most 63 characters, found: 65..)</Message>
        </ErrorInfo>
      </Output>
    </UnitTestResult>
  </Results>
  <TestDefinitions>
    <UnitTest name="Insert_PreservesAuthoritativeSourceTimestamps" storage="d:\nuviot\cs.cloudstorage\tests\lagovista.storageprovider.tests\bin\debug\net9.0\lagovista.storageprovider.tests.dll" id="674e4f9a-310c-c424-542c-02e5478bb876">
      <TestCategory>
        <TestCategoryItem TestCategory="Mongo" />
        <TestCategoryItem TestCategory="ApplicationData" />
      </TestCategory>
      <Execution id="4a0063bc-bdbb-49f5-80ee-437492d7e9b0" />
      <TestMethod codeBase="D:\NuvIoT\cs.CloudStorage\tests\LagoVista.StorageProvider.Tests\bin\Debug\net9.0\LagoVista.StorageProvider.Tests.dll" adapterTypeName="executor://mstestadapter/v2" className="LagoVista.StorageProvider.Tests.Mongo.MongoApplicationDataStoreIntegrationTests" name="Insert_PreservesAuthoritativeSourceTimestamps" />
    </UnitTest>
    <UnitTest name="CrudQueryPagingAndDeterministicCollections_WorkEndToEnd" storage="d:\nuviot\cs.cloudstorage\tests\lagovista.storageprovider.tests\bin\debug\net9.0\lagovista.storageprovider.tests.dll" id="3a5f503f-3629-0b2f-dac3-0d6797234fd3">
      <TestCategory>
        <TestCategoryItem TestCategory="Mongo" />
        <TestCategoryItem TestCategory="ApplicationData" />
      </TestCategory>
      <Execution id="6600a076-8f80-4695-b2b6-409b41620601" />
      <TestMethod codeBase="D:\NuvIoT\cs.CloudStorage\tests\LagoVista.StorageProvider.Tests\bin\Debug\net9.0\LagoVista.StorageProvider.Tests.dll" adapterTypeName="executor://mstestadapter/v2" className="LagoVista.StorageProvider.Tests.Mongo.MongoApplicationDataStoreIntegrationTests" name="CrudQueryPagingAndDeterministicCollections_WorkEndToEnd" />
    </UnitTest>
  </TestDefinitions>
  <TestEntries>
    <TestEntry testId="3a5f503f-3629-0b2f-dac3-0d6797234fd3" executionId="6600a076-8f80-4695-b2b6-409b41620601" testListId="8c84fa94-04c1-424b-9868-57a2d4851a1d" />
    <TestEntry testId="674e4f9a-310c-c424-542c-02e5478bb876" executionId="4a0063bc-bdbb-49f5-80ee-437492d7e9b0" testListId="8c84fa94-04c1-424b-9868-57a2d4851a1d" />
  </TestEntries>
  <TestLists>
    <TestList name="Results Not in a List" id="8c84fa94-04c1-424b-9868-57a2d4851a1d" />
    <TestList name="All Loaded Results" id="19431567-8539-422a-85d7-44ee4e166bda" />
  </TestLists>
  <ResultSummary outcome="Failed">
    <Counters total="2" executed="2" passed="0" failed="2" error="0" timeout="0" aborted="0" inconclusive="0" passedButRunAborted="0" notRunnable="0" notExecuted="0" disconnected="0" warning="0" completed="0" inProgress="0" pending="0" />
    <Output>
      <StdOut>NUnit Adapter 5.1.0.0: Test execution started&#xD;
Running selected tests in D:\NuvIoT\cs.CloudStorage\tests\LagoVista.StorageProvider.Tests\bin\Debug\net9.0\LagoVista.StorageProvider.Tests.dll&#xD;
   NUnit3TestExecutor discovered 0 of 0 NUnit test cases using Current Discovery mode, Explicit run&#xD;
NUnit Adapter 5.1.0.0: Test execution complete&#xD;
</StdOut>
    </Output>
  </ResultSummary>
</TestRun>