<?xml version="1.0" encoding="utf-8"?>
<TestRun id="67c322bd-52c9-4c2a-9eab-a42e3f4e02f0" name="kevin@BEAST-LAPTOP 2026-08-26 16:58:20" runUser="BEAST-LAPTOP\kevin" xmlns="http://microsoft.com/schemas/VisualStudio/TeamTest/2010">
  <Times creation="2026-08-26T16:58:20.1840677-04:00" queuing="2026-08-26T16:58:20.1840679-04:00" start="2026-08-26T16:58:19.4609794-04:00" finish="2026-08-26T16:58:20.1881792-04:00" />
  <TestSettings name="default" id="ba71d336-436e-4485-92ed-b817ced502c5">
    <Deployment runDeploymentRoot="kevin_BEAST-LAPTOP_2026-08-26_16_58_20" />
  </TestSettings>
  <Results>
    <UnitTestResult executionId="93733742-c663-462e-a31e-2c354d50d24f" testId="752b347f-9638-6a18-64a8-363178ef9b97" testName="DocumentCollectionProvisioner_ToleratesCollectionCreatedBeforeEnsure" computerName="BEAST-LAPTOP" duration="00:00:00.0169565" startTime="2026-08-26T16:58:20.0234618-04:00" endTime="2026-08-26T16:58:20.0415899-04:00" testType="13cdc9d9-ddb5-4fa4-a97d-d965ccfc6d4b" outcome="Passed" testListId="8c84fa94-04c1-424b-9868-57a2d4851a1d" relativeResultsDirectory="93733742-c663-462e-a31e-2c354d50d24f" />
    <UnitTestResult executionId="2bd9c382-9008-41c2-a965-0b6a090109eb" testId="5e052641-6abd-9e5c-951f-2f859ef456eb" testName="StorageClientFactory_ReusesClientAndConnectsToRequestedDatabase" computerName="BEAST-LAPTOP" duration="00:00:00.1710131" startTime="2026-08-26T16:58:19.8088276-04:00" endTime="2026-08-26T16:58:19.9905633-04:00" testType="13cdc9d9-ddb5-4fa4-a97d-d965ccfc6d4b" outcome="Passed" testListId="8c84fa94-04c1-424b-9868-57a2d4851a1d" relativeResultsDirectory="2bd9c382-9008-41c2-a965-0b6a090109eb" />
    <UnitTestResult executionId="ee44b3d4-203d-47a8-8256-792e520595f5" testId="4d05b467-acdd-05aa-e1c3-ad7503f5c4c6" testName="DocumentCollectionProvisioner_CreatesCollection_AndRepeatedEnsureIsSafe" computerName="BEAST-LAPTOP" duration="00:00:00.0290687" startTime="2026-08-26T16:58:19.9936644-04:00" endTime="2026-08-26T16:58:20.0232166-04:00" testType="13cdc9d9-ddb5-4fa4-a97d-d965ccfc6d4b" outcome="Passed" testListId="8c84fa94-04c1-424b-9868-57a2d4851a1d" relativeResultsDirectory="ee44b3d4-203d-47a8-8256-792e520595f5" />
  </Results>
  <TestDefinitions>
    <UnitTest name="DocumentCollectionProvisioner_ToleratesCollectionCreatedBeforeEnsure" storage="d:\nuviot\cs.cloudstorage\tests\lagovista.storageprovider.tests\bin\debug\net9.0\lagovista.storageprovider.tests.dll" id="752b347f-9638-6a18-64a8-363178ef9b97">
      <TestCategory>
        <TestCategoryItem TestCategory="MongoInfrastructure" />
        <TestCategoryItem TestCategory="Mongo" />
      </TestCategory>
      <Execution id="93733742-c663-462e-a31e-2c354d50d24f" />
      <TestMethod codeBase="D:\NuvIoT\cs.CloudStorage\tests\LagoVista.StorageProvider.Tests\bin\Debug\net9.0\LagoVista.StorageProvider.Tests.dll" adapterTypeName="executor://mstestadapter/v2" className="LagoVista.StorageProvider.Tests.Mongo.MongoInfrastructureIntegrationTests" name="DocumentCollectionProvisioner_ToleratesCollectionCreatedBeforeEnsure" />
    </UnitTest>
    <UnitTest name="DocumentCollectionProvisioner_CreatesCollection_AndRepeatedEnsureIsSafe" storage="d:\nuviot\cs.cloudstorage\tests\lagovista.storageprovider.tests\bin\debug\net9.0\lagovista.storageprovider.tests.dll" id="4d05b467-acdd-05aa-e1c3-ad7503f5c4c6">
      <TestCategory>
        <TestCategoryItem TestCategory="MongoInfrastructure" />
        <TestCategoryItem TestCategory="Mongo" />
      </TestCategory>
      <Execution id="ee44b3d4-203d-47a8-8256-792e520595f5" />
      <TestMethod codeBase="D:\NuvIoT\cs.CloudStorage\tests\LagoVista.StorageProvider.Tests\bin\Debug\net9.0\LagoVista.StorageProvider.Tests.dll" adapterTypeName="executor://mstestadapter/v2" className="LagoVista.StorageProvider.Tests.Mongo.MongoInfrastructureIntegrationTests" name="DocumentCollectionProvisioner_CreatesCollection_AndRepeatedEnsureIsSafe" />
    </UnitTest>
    <UnitTest name="StorageClientFactory_ReusesClientAndConnectsToRequestedDatabase" storage="d:\nuviot\cs.cloudstorage\tests\lagovista.storageprovider.tests\bin\debug\net9.0\lagovista.storageprovider.tests.dll" id="5e052641-6abd-9e5c-951f-2f859ef456eb">
      <TestCategory>
        <TestCategoryItem TestCategory="MongoInfrastructure" />
        <TestCategoryItem TestCategory="Mongo" />
      </TestCategory>
      <Execution id="2bd9c382-9008-41c2-a965-0b6a090109eb" />
      <TestMethod codeBase="D:\NuvIoT\cs.CloudStorage\tests\LagoVista.StorageProvider.Tests\bin\Debug\net9.0\LagoVista.StorageProvider.Tests.dll" adapterTypeName="executor://mstestadapter/v2" className="LagoVista.StorageProvider.Tests.Mongo.MongoInfrastructureIntegrationTests" name="StorageClientFactory_ReusesClientAndConnectsToRequestedDatabase" />
    </UnitTest>
  </TestDefinitions>
  <TestEntries>
    <TestEntry testId="752b347f-9638-6a18-64a8-363178ef9b97" executionId="93733742-c663-462e-a31e-2c354d50d24f" testListId="8c84fa94-04c1-424b-9868-57a2d4851a1d" />
    <TestEntry testId="5e052641-6abd-9e5c-951f-2f859ef456eb" executionId="2bd9c382-9008-41c2-a965-0b6a090109eb" testListId="8c84fa94-04c1-424b-9868-57a2d4851a1d" />
    <TestEntry testId="4d05b467-acdd-05aa-e1c3-ad7503f5c4c6" executionId="ee44b3d4-203d-47a8-8256-792e520595f5" testListId="8c84fa94-04c1-424b-9868-57a2d4851a1d" />
  </TestEntries>
  <TestLists>
    <TestList name="Results Not in a List" id="8c84fa94-04c1-424b-9868-57a2d4851a1d" />
    <TestList name="All Loaded Results" id="19431567-8539-422a-85d7-44ee4e166bda" />
  </TestLists>
  <ResultSummary outcome="Completed">
    <Counters total="3" executed="3" passed="3" failed="0" error="0" timeout="0" aborted="0" inconclusive="0" passedButRunAborted="0" notRunnable="0" notExecuted="0" disconnected="0" warning="0" completed="0" inProgress="0" pending="0" />
    <Output>
      <StdOut>NUnit Adapter 5.1.0.0: Test execution started&#xD;
Running selected tests in D:\NuvIoT\cs.CloudStorage\tests\LagoVista.StorageProvider.Tests\bin\Debug\net9.0\LagoVista.StorageProvider.Tests.dll&#xD;
   NUnit3TestExecutor discovered 0 of 0 NUnit test cases using Current Discovery mode, Explicit run&#xD;
NUnit Adapter 5.1.0.0: Test execution complete&#xD;
</StdOut>
    </Output>
  </ResultSummary>
</TestRun>