<?xml version="1.0" encoding="utf-8"?>
<TestRun id="d8b9e785-1366-45de-a1b2-9cf416d5b913" name="kevin@BEAST-LAPTOP 2026-08-26 16:16:45" runUser="BEAST-LAPTOP\kevin" xmlns="http://microsoft.com/schemas/VisualStudio/TeamTest/2010">
  <Times creation="2026-08-26T16:16:45.5397353-04:00" queuing="2026-08-26T16:16:45.5397356-04:00" start="2026-08-26T16:16:44.3044028-04:00" finish="2026-08-26T16:16:45.5442489-04:00" />
  <TestSettings name="default" id="f49afdb1-af91-4bea-a264-0457d2355e17">
    <Deployment runDeploymentRoot="kevin_BEAST-LAPTOP_2026-08-26_16_16_45" />
  </TestSettings>
  <Results>
    <UnitTestResult executionId="980fd345-3634-440b-be1b-c9ffce831b49" testId="5e052641-6abd-9e5c-951f-2f859ef456eb" testName="StorageClientFactory_ReusesClientAndConnectsToRequestedDatabase" computerName="BEAST-LAPTOP" duration="00:00:00.2437918" startTime="2026-08-26T16:16:45.0200710-04:00" endTime="2026-08-26T16:16:45.2795967-04:00" testType="13cdc9d9-ddb5-4fa4-a97d-d965ccfc6d4b" outcome="Passed" testListId="8c84fa94-04c1-424b-9868-57a2d4851a1d" relativeResultsDirectory="980fd345-3634-440b-be1b-c9ffce831b49" />
    <UnitTestResult executionId="875059e3-1c8e-4814-a1a9-136cb3206b44" testId="752b347f-9638-6a18-64a8-363178ef9b97" testName="DocumentCollectionProvisioner_ToleratesCollectionCreatedBeforeEnsure" computerName="BEAST-LAPTOP" duration="00:00:00.0205912" startTime="2026-08-26T16:16:45.3192827-04:00" endTime="2026-08-26T16:16:45.3412477-04:00" testType="13cdc9d9-ddb5-4fa4-a97d-d965ccfc6d4b" outcome="Passed" testListId="8c84fa94-04c1-424b-9868-57a2d4851a1d" relativeResultsDirectory="875059e3-1c8e-4814-a1a9-136cb3206b44" />
    <UnitTestResult executionId="5725ad68-0a78-4100-bb53-cfc6c4625888" testId="4d05b467-acdd-05aa-e1c3-ad7503f5c4c6" testName="DocumentCollectionProvisioner_CreatesCollection_AndRepeatedEnsureIsSafe" computerName="BEAST-LAPTOP" duration="00:00:00.0351574" startTime="2026-08-26T16:16:45.2831390-04:00" endTime="2026-08-26T16:16:45.3188996-04:00" testType="13cdc9d9-ddb5-4fa4-a97d-d965ccfc6d4b" outcome="Passed" testListId="8c84fa94-04c1-424b-9868-57a2d4851a1d" relativeResultsDirectory="5725ad68-0a78-4100-bb53-cfc6c4625888" />
  </Results>
  <TestDefinitions>
    <UnitTest name="DocumentCollectionProvisioner_ToleratesCollectionCreatedBeforeEnsure" storage="d:\nuviot\cs.cloudstorage\tests\lagovista.storageprovider.tests\bin\debug\net9.0\lagovista.storageprovider.tests.dll" id="752b347f-9638-6a18-64a8-363178ef9b97">
      <TestCategory>
        <TestCategoryItem TestCategory="MongoInfrastructure" />
        <TestCategoryItem TestCategory="Mongo" />
      </TestCategory>
      <Execution id="875059e3-1c8e-4814-a1a9-136cb3206b44" />
      <TestMethod codeBase="D:\NuvIoT\cs.CloudStorage\tests\LagoVista.StorageProvider.Tests\bin\Debug\net9.0\LagoVista.StorageProvider.Tests.dll" adapterTypeName="executor://mstestadapter/v2" className="LagoVista.StorageProvider.Tests.Mongo.MongoInfrastructureIntegrationTests" name="DocumentCollectionProvisioner_ToleratesCollectionCreatedBeforeEnsure" />
    </UnitTest>
    <UnitTest name="DocumentCollectionProvisioner_CreatesCollection_AndRepeatedEnsureIsSafe" storage="d:\nuviot\cs.cloudstorage\tests\lagovista.storageprovider.tests\bin\debug\net9.0\lagovista.storageprovider.tests.dll" id="4d05b467-acdd-05aa-e1c3-ad7503f5c4c6">
      <TestCategory>
        <TestCategoryItem TestCategory="MongoInfrastructure" />
        <TestCategoryItem TestCategory="Mongo" />
      </TestCategory>
      <Execution id="5725ad68-0a78-4100-bb53-cfc6c4625888" />
      <TestMethod codeBase="D:\NuvIoT\cs.CloudStorage\tests\LagoVista.StorageProvider.Tests\bin\Debug\net9.0\LagoVista.StorageProvider.Tests.dll" adapterTypeName="executor://mstestadapter/v2" className="LagoVista.StorageProvider.Tests.Mongo.MongoInfrastructureIntegrationTests" name="DocumentCollectionProvisioner_CreatesCollection_AndRepeatedEnsureIsSafe" />
    </UnitTest>
    <UnitTest name="StorageClientFactory_ReusesClientAndConnectsToRequestedDatabase" storage="d:\nuviot\cs.cloudstorage\tests\lagovista.storageprovider.tests\bin\debug\net9.0\lagovista.storageprovider.tests.dll" id="5e052641-6abd-9e5c-951f-2f859ef456eb">
      <TestCategory>
        <TestCategoryItem TestCategory="MongoInfrastructure" />
        <TestCategoryItem TestCategory="Mongo" />
      </TestCategory>
      <Execution id="980fd345-3634-440b-be1b-c9ffce831b49" />
      <TestMethod codeBase="D:\NuvIoT\cs.CloudStorage\tests\LagoVista.StorageProvider.Tests\bin\Debug\net9.0\LagoVista.StorageProvider.Tests.dll" adapterTypeName="executor://mstestadapter/v2" className="LagoVista.StorageProvider.Tests.Mongo.MongoInfrastructureIntegrationTests" name="StorageClientFactory_ReusesClientAndConnectsToRequestedDatabase" />
    </UnitTest>
  </TestDefinitions>
  <TestEntries>
    <TestEntry testId="5e052641-6abd-9e5c-951f-2f859ef456eb" executionId="980fd345-3634-440b-be1b-c9ffce831b49" testListId="8c84fa94-04c1-424b-9868-57a2d4851a1d" />
    <TestEntry testId="752b347f-9638-6a18-64a8-363178ef9b97" executionId="875059e3-1c8e-4814-a1a9-136cb3206b44" testListId="8c84fa94-04c1-424b-9868-57a2d4851a1d" />
    <TestEntry testId="4d05b467-acdd-05aa-e1c3-ad7503f5c4c6" executionId="5725ad68-0a78-4100-bb53-cfc6c4625888" testListId="8c84fa94-04c1-424b-9868-57a2d4851a1d" />
  </TestEntries>
  <TestLists>
    <TestList name="Results Not in a List" id="8c84fa94-04c1-424b-9868-57a2d4851a1d" />
    <TestList name="All Loaded Results" id="19431567-8539-422a-85d7-44ee4e166bda" />
  </TestLists>
  <ResultSummary outcome="Completed">
    <Counters total="3" executed="3" passed="3" failed="0" error="0" timeout="0" aborted="0" inconclusive="0" passedButRunAborted="0" notRunnable="0" notExecuted="0" disconnected="0" warning="0" completed="0" inProgress="0" pending="0" />
    <Output>
      <StdOut>NUnit Adapter 5.1.0.0: Test execution started&#xD;
Running selected tests in D:\NuvIoT\cs.CloudStorage\tests\LagoVista.StorageProvider.Tests\bin\Debug\net9.0\LagoVista.StorageProvider.Tests.dll&#xD;
   NUnit3TestExecutor discovered 0 of 0 NUnit test cases using Current Discovery mode, Explicit run&#xD;
NUnit Adapter 5.1.0.0: Test execution complete&#xD;
</StdOut>
    </Output>
  </ResultSummary>
</TestRun>