<?xml version="1.0" encoding="utf-8"?>
<TestRun id="1b1893f5-52a8-4781-a721-b98f9e32c3cb" name="kevin@BEAST-LAPTOP 2026-08-26 19:01:10" runUser="BEAST-LAPTOP\kevin" xmlns="http://microsoft.com/schemas/VisualStudio/TeamTest/2010">
  <Times creation="2026-08-26T19:01:10.8409692-04:00" queuing="2026-08-26T19:01:10.8409693-04:00" start="2026-08-26T19:01:09.0145857-04:00" finish="2026-08-26T19:01:14.4351447-04:00" />
  <TestSettings name="default" id="67683f88-2ce2-41ff-9833-c68db37dd5b2">
    <Deployment runDeploymentRoot="kevin_BEAST-LAPTOP_2026-08-26_19_01_10" />
  </TestSettings>
  <Results>
    <UnitTestResult executionId="97373d39-2301-47e4-80f5-abaca1409aff" testId="af144c9c-6be1-2135-57fa-597622bbb195" testName="InsertAndQueryAsync_SatisfiesCoreActivityRecordContract" computerName="BEAST-LAPTOP" duration="00:00:00.1673205" startTime="2026-08-26T19:01:14.0184867-04:00" endTime="2026-08-26T19:01:14.1860955-04:00" testType="13cdc9d9-ddb5-4fa4-a97d-d965ccfc6d4b" outcome="Passed" testListId="8c84fa94-04c1-424b-9868-57a2d4851a1d" relativeResultsDirectory="97373d39-2301-47e4-80f5-abaca1409aff" />
    <UnitTestResult executionId="78af8619-6093-4bf8-8893-6feb6e937eb7" testId="95fff7df-6d56-09e9-26b9-ff223131d2d2" testName="SupportedScalarTypes_RoundTripThroughCassandra" computerName="BEAST-LAPTOP" duration="00:00:00.1467690" startTime="2026-08-26T19:01:14.1861869-04:00" endTime="2026-08-26T19:01:14.3331428-04:00" testType="13cdc9d9-ddb5-4fa4-a97d-d965ccfc6d4b" outcome="Passed" testListId="8c84fa94-04c1-424b-9868-57a2d4851a1d" relativeResultsDirectory="78af8619-6093-4bf8-8893-6feb6e937eb7" />
    <UnitTestResult executionId="1b6df8bf-09e0-446f-a0a8-f625ba8bc64f" testId="846358b5-0f0d-1bf8-e496-d4b59ef4ecf0" testName="Retention_ExpiresRecordsUsingTableDefaultTtl" computerName="BEAST-LAPTOP" duration="00:00:04.1574853" startTime="2026-08-26T19:01:09.8591020-04:00" endTime="2026-08-26T19:01:14.0173655-04:00" testType="13cdc9d9-ddb5-4fa4-a97d-d965ccfc6d4b" outcome="Passed" testListId="8c84fa94-04c1-424b-9868-57a2d4851a1d" relativeResultsDirectory="1b6df8bf-09e0-446f-a0a8-f625ba8bc64f" />
    <UnitTestResult executionId="3b1da1f6-b0f2-4486-9cc4-3da3a8b20ca3" testId="984dfb7d-eab9-6194-00cd-f99c2e08537b" testName="QueryAsync_FiltersOnDeclaredSaiIndex" computerName="BEAST-LAPTOP" duration="00:00:00.1499223" startTime="2026-08-26T19:01:09.7084990-04:00" endTime="2026-08-26T19:01:09.8587525-04:00" testType="13cdc9d9-ddb5-4fa4-a97d-d965ccfc6d4b" outcome="Passed" testListId="8c84fa94-04c1-424b-9868-57a2d4851a1d" relativeResultsDirectory="3b1da1f6-b0f2-4486-9cc4-3da3a8b20ca3" />
    <UnitTestResult executionId="a9b50914-e477-45aa-9852-8f9f3820c1f3" testId="54ea0a0d-d7f4-4219-52d6-a9cd24fd3e9c" testName="UnsupportedPropertyType_FailsDuringStoreConstruction" computerName="BEAST-LAPTOP" duration="00:00:00.0014900" startTime="2026-08-26T19:01:14.3332307-04:00" endTime="2026-08-26T19:01:14.3353454-04:00" testType="13cdc9d9-ddb5-4fa4-a97d-d965ccfc6d4b" outcome="Passed" testListId="8c84fa94-04c1-424b-9868-57a2d4851a1d" relativeResultsDirectory="a9b50914-e477-45aa-9852-8f9f3820c1f3" />
    <UnitTestResult executionId="12b65cb8-a6a0-49f9-a8a3-c0155360d88f" testId="b40e9771-6585-3ec7-6d4f-8dea979e9da2" testName="QueryAsync_SpansMonthlyTimeBucketsInNewestFirstOrder" computerName="BEAST-LAPTOP" duration="00:00:00.3021380" startTime="2026-08-26T19:01:09.3922003-04:00" endTime="2026-08-26T19:01:09.7056663-04:00" testType="13cdc9d9-ddb5-4fa4-a97d-d965ccfc6d4b" outcome="Passed" testListId="8c84fa94-04c1-424b-9868-57a2d4851a1d" relativeResultsDirectory="12b65cb8-a6a0-49f9-a8a3-c0155360d88f" />
  </Results>
  <TestDefinitions>
    <UnitTest name="QueryAsync_FiltersOnDeclaredSaiIndex" storage="d:\nuviot\cs.cloudstorage\tests\lagovista.storageprovider.tests\bin\debug\net9.0\lagovista.storageprovider.tests.dll" id="984dfb7d-eab9-6194-00cd-f99c2e08537b">
      <TestCategory>
        <TestCategoryItem TestCategory="CassandraActivityRecord" />
        <TestCategoryItem TestCategory="Cassandra" />
      </TestCategory>
      <Execution id="3b1da1f6-b0f2-4486-9cc4-3da3a8b20ca3" />
      <TestMethod codeBase="D:\NuvIoT\cs.CloudStorage\tests\LagoVista.StorageProvider.Tests\bin\Debug\net9.0\LagoVista.StorageProvider.Tests.dll" adapterTypeName="executor://mstestadapter/v2" className="LagoVista.StorageProvider.Tests.Cassandra.CassandraActivityRecordStoreAdvancedIntegrationTests" name="QueryAsync_FiltersOnDeclaredSaiIndex" />
    </UnitTest>
    <UnitTest name="InsertAndQueryAsync_SatisfiesCoreActivityRecordContract" storage="d:\nuviot\cs.cloudstorage\tests\lagovista.storageprovider.tests\bin\debug\net9.0\lagovista.storageprovider.tests.dll" id="af144c9c-6be1-2135-57fa-597622bbb195">
      <TestCategory>
        <TestCategoryItem TestCategory="CassandraActivityRecord" />
        <TestCategoryItem TestCategory="Cassandra" />
      </TestCategory>
      <Execution id="97373d39-2301-47e4-80f5-abaca1409aff" />
      <TestMethod codeBase="D:\NuvIoT\cs.CloudStorage\tests\LagoVista.StorageProvider.Tests\bin\Debug\net9.0\LagoVista.StorageProvider.Tests.dll" adapterTypeName="executor://mstestadapter/v2" className="LagoVista.StorageProvider.Tests.Cassandra.CassandraActivityRecordStoreIntegrationTests" name="InsertAndQueryAsync_SatisfiesCoreActivityRecordContract" />
    </UnitTest>
    <UnitTest name="SupportedScalarTypes_RoundTripThroughCassandra" storage="d:\nuviot\cs.cloudstorage\tests\lagovista.storageprovider.tests\bin\debug\net9.0\lagovista.storageprovider.tests.dll" id="95fff7df-6d56-09e9-26b9-ff223131d2d2">
      <TestCategory>
        <TestCategoryItem TestCategory="CassandraActivityRecord" />
        <TestCategoryItem TestCategory="Cassandra" />
      </TestCategory>
      <Execution id="78af8619-6093-4bf8-8893-6feb6e937eb7" />
      <TestMethod codeBase="D:\NuvIoT\cs.CloudStorage\tests\LagoVista.StorageProvider.Tests\bin\Debug\net9.0\LagoVista.StorageProvider.Tests.dll" adapterTypeName="executor://mstestadapter/v2" className="LagoVista.StorageProvider.Tests.Cassandra.CassandraRecordMapIntegrationTests" name="SupportedScalarTypes_RoundTripThroughCassandra" />
    </UnitTest>
    <UnitTest name="UnsupportedPropertyType_FailsDuringStoreConstruction" storage="d:\nuviot\cs.cloudstorage\tests\lagovista.storageprovider.tests\bin\debug\net9.0\lagovista.storageprovider.tests.dll" id="54ea0a0d-d7f4-4219-52d6-a9cd24fd3e9c">
      <TestCategory>
        <TestCategoryItem TestCategory="CassandraActivityRecord" />
        <TestCategoryItem TestCategory="Cassandra" />
      </TestCategory>
      <Execution id="a9b50914-e477-45aa-9852-8f9f3820c1f3" />
      <TestMethod codeBase="D:\NuvIoT\cs.CloudStorage\tests\LagoVista.StorageProvider.Tests\bin\Debug\net9.0\LagoVista.StorageProvider.Tests.dll" adapterTypeName="executor://mstestadapter/v2" className="LagoVista.StorageProvider.Tests.Cassandra.CassandraRecordMapIntegrationTests" name="UnsupportedPropertyType_FailsDuringStoreConstruction" />
    </UnitTest>
    <UnitTest name="Retention_ExpiresRecordsUsingTableDefaultTtl" storage="d:\nuviot\cs.cloudstorage\tests\lagovista.storageprovider.tests\bin\debug\net9.0\lagovista.storageprovider.tests.dll" id="846358b5-0f0d-1bf8-e496-d4b59ef4ecf0">
      <TestCategory>
        <TestCategoryItem TestCategory="CassandraActivityRecord" />
        <TestCategoryItem TestCategory="Cassandra" />
      </TestCategory>
      <Execution id="1b6df8bf-09e0-446f-a0a8-f625ba8bc64f" />
      <TestMethod codeBase="D:\NuvIoT\cs.CloudStorage\tests\LagoVista.StorageProvider.Tests\bin\Debug\net9.0\LagoVista.StorageProvider.Tests.dll" adapterTypeName="executor://mstestadapter/v2" className="LagoVista.StorageProvider.Tests.Cassandra.CassandraActivityRecordStoreAdvancedIntegrationTests" name="Retention_ExpiresRecordsUsingTableDefaultTtl" />
    </UnitTest>
    <UnitTest name="QueryAsync_SpansMonthlyTimeBucketsInNewestFirstOrder" storage="d:\nuviot\cs.cloudstorage\tests\lagovista.storageprovider.tests\bin\debug\net9.0\lagovista.storageprovider.tests.dll" id="b40e9771-6585-3ec7-6d4f-8dea979e9da2">
      <TestCategory>
        <TestCategoryItem TestCategory="CassandraActivityRecord" />
        <TestCategoryItem TestCategory="Cassandra" />
      </TestCategory>
      <Execution id="12b65cb8-a6a0-49f9-a8a3-c0155360d88f" />
      <TestMethod codeBase="D:\NuvIoT\cs.CloudStorage\tests\LagoVista.StorageProvider.Tests\bin\Debug\net9.0\LagoVista.StorageProvider.Tests.dll" adapterTypeName="executor://mstestadapter/v2" className="LagoVista.StorageProvider.Tests.Cassandra.CassandraActivityRecordStoreAdvancedIntegrationTests" name="QueryAsync_SpansMonthlyTimeBucketsInNewestFirstOrder" />
    </UnitTest>
  </TestDefinitions>
  <TestEntries>
    <TestEntry testId="af144c9c-6be1-2135-57fa-597622bbb195" executionId="97373d39-2301-47e4-80f5-abaca1409aff" testListId="8c84fa94-04c1-424b-9868-57a2d4851a1d" />
    <TestEntry testId="95fff7df-6d56-09e9-26b9-ff223131d2d2" executionId="78af8619-6093-4bf8-8893-6feb6e937eb7" testListId="8c84fa94-04c1-424b-9868-57a2d4851a1d" />
    <TestEntry testId="846358b5-0f0d-1bf8-e496-d4b59ef4ecf0" executionId="1b6df8bf-09e0-446f-a0a8-f625ba8bc64f" testListId="8c84fa94-04c1-424b-9868-57a2d4851a1d" />
    <TestEntry testId="984dfb7d-eab9-6194-00cd-f99c2e08537b" executionId="3b1da1f6-b0f2-4486-9cc4-3da3a8b20ca3" testListId="8c84fa94-04c1-424b-9868-57a2d4851a1d" />
    <TestEntry testId="54ea0a0d-d7f4-4219-52d6-a9cd24fd3e9c" executionId="a9b50914-e477-45aa-9852-8f9f3820c1f3" testListId="8c84fa94-04c1-424b-9868-57a2d4851a1d" />
    <TestEntry testId="b40e9771-6585-3ec7-6d4f-8dea979e9da2" executionId="12b65cb8-a6a0-49f9-a8a3-c0155360d88f" testListId="8c84fa94-04c1-424b-9868-57a2d4851a1d" />
  </TestEntries>
  <TestLists>
    <TestList name="Results Not in a List" id="8c84fa94-04c1-424b-9868-57a2d4851a1d" />
    <TestList name="All Loaded Results" id="19431567-8539-422a-85d7-44ee4e166bda" />
  </TestLists>
  <ResultSummary outcome="Completed">
    <Counters total="6" executed="6" passed="6" failed="0" error="0" timeout="0" aborted="0" inconclusive="0" passedButRunAborted="0" notRunnable="0" notExecuted="0" disconnected="0" warning="0" completed="0" inProgress="0" pending="0" />
    <Output>
      <StdOut>NUnit Adapter 5.1.0.0: Test execution started&#xD;
Running selected tests in D:\NuvIoT\cs.CloudStorage\tests\LagoVista.StorageProvider.Tests\bin\Debug\net9.0\LagoVista.StorageProvider.Tests.dll&#xD;
   NUnit3TestExecutor discovered 0 of 0 NUnit test cases using Current Discovery mode, Explicit run&#xD;
NUnit Adapter 5.1.0.0: Test execution complete&#xD;
</StdOut>
    </Output>
  </ResultSummary>
</TestRun>