<?xml version="1.0" encoding="utf-8"?>
<TestRun id="5d441890-8408-4bab-86d1-77afca46116f" name="kevin@BEAST-LAPTOP 2026-08-26 18:36:09" runUser="BEAST-LAPTOP\kevin" xmlns="http://microsoft.com/schemas/VisualStudio/TeamTest/2010">
  <Times creation="2026-08-26T18:36:09.6466352-04:00" queuing="2026-08-26T18:36:09.6466357-04:00" start="2026-08-26T18:36:07.7045944-04:00" finish="2026-08-26T18:36:13.9135165-04:00" />
  <TestSettings name="default" id="0eb7d859-af82-423f-bf13-176b482625ed">
    <Deployment runDeploymentRoot="kevin_BEAST-LAPTOP_2026-08-26_18_36_09" />
  </TestSettings>
  <Results>
    <UnitTestResult executionId="675fa6eb-1482-40e6-b966-c5c8208481b8" testId="984dfb7d-eab9-6194-00cd-f99c2e08537b" testName="QueryAsync_FiltersOnDeclaredSaiIndex" computerName="BEAST-LAPTOP" duration="00:00:00.5295747" startTime="2026-08-26T18:36:08.7589388-04:00" endTime="2026-08-26T18:36:09.2890426-04:00" testType="13cdc9d9-ddb5-4fa4-a97d-d965ccfc6d4b" outcome="Passed" testListId="8c84fa94-04c1-424b-9868-57a2d4851a1d" relativeResultsDirectory="675fa6eb-1482-40e6-b966-c5c8208481b8" />
    <UnitTestResult executionId="e4ddff1a-349a-4459-b2d9-52abbda54cf8" testId="846358b5-0f0d-1bf8-e496-d4b59ef4ecf0" testName="Retention_ExpiresRecordsUsingTableDefaultTtl" computerName="BEAST-LAPTOP" duration="00:00:04.3683826" startTime="2026-08-26T18:36:09.2895001-04:00" endTime="2026-08-26T18:36:13.6586941-04:00" testType="13cdc9d9-ddb5-4fa4-a97d-d965ccfc6d4b" outcome="Passed" testListId="8c84fa94-04c1-424b-9868-57a2d4851a1d" relativeResultsDirectory="e4ddff1a-349a-4459-b2d9-52abbda54cf8" />
    <UnitTestResult executionId="140b42b3-d98b-4237-af97-1a4e686db4b5" testId="b40e9771-6585-3ec7-6d4f-8dea979e9da2" testName="QueryAsync_SpansMonthlyTimeBucketsInNewestFirstOrder" computerName="BEAST-LAPTOP" duration="00:00:00.5469612" startTime="2026-08-26T18:36:08.1961847-04:00" endTime="2026-08-26T18:36:08.7559562-04:00" testType="13cdc9d9-ddb5-4fa4-a97d-d965ccfc6d4b" outcome="Passed" testListId="8c84fa94-04c1-424b-9868-57a2d4851a1d" relativeResultsDirectory="140b42b3-d98b-4237-af97-1a4e686db4b5" />
    <UnitTestResult executionId="c0371263-4869-4555-8728-7dbeee5cfe17" testId="af144c9c-6be1-2135-57fa-597622bbb195" testName="InsertAndQueryAsync_SatisfiesCoreActivityRecordContract" computerName="BEAST-LAPTOP" duration="00:00:00.1513236" startTime="2026-08-26T18:36:13.6598482-04:00" endTime="2026-08-26T18:36:13.8124219-04:00" testType="13cdc9d9-ddb5-4fa4-a97d-d965ccfc6d4b" outcome="Passed" testListId="8c84fa94-04c1-424b-9868-57a2d4851a1d" relativeResultsDirectory="c0371263-4869-4555-8728-7dbeee5cfe17" />
  </Results>
  <TestDefinitions>
    <UnitTest name="QueryAsync_FiltersOnDeclaredSaiIndex" storage="d:\nuviot\cs.cloudstorage\tests\lagovista.storageprovider.tests\bin\debug\net9.0\lagovista.storageprovider.tests.dll" id="984dfb7d-eab9-6194-00cd-f99c2e08537b">
      <TestCategory>
        <TestCategoryItem TestCategory="Cassandra" />
        <TestCategoryItem TestCategory="CassandraActivityRecord" />
      </TestCategory>
      <Execution id="675fa6eb-1482-40e6-b966-c5c8208481b8" />
      <TestMethod codeBase="D:\NuvIoT\cs.CloudStorage\tests\LagoVista.StorageProvider.Tests\bin\Debug\net9.0\LagoVista.StorageProvider.Tests.dll" adapterTypeName="executor://mstestadapter/v2" className="LagoVista.StorageProvider.Tests.Cassandra.CassandraActivityRecordStoreAdvancedIntegrationTests" name="QueryAsync_FiltersOnDeclaredSaiIndex" />
    </UnitTest>
    <UnitTest name="InsertAndQueryAsync_SatisfiesCoreActivityRecordContract" storage="d:\nuviot\cs.cloudstorage\tests\lagovista.storageprovider.tests\bin\debug\net9.0\lagovista.storageprovider.tests.dll" id="af144c9c-6be1-2135-57fa-597622bbb195">
      <TestCategory>
        <TestCategoryItem TestCategory="Cassandra" />
        <TestCategoryItem TestCategory="CassandraActivityRecord" />
      </TestCategory>
      <Execution id="c0371263-4869-4555-8728-7dbeee5cfe17" />
      <TestMethod codeBase="D:\NuvIoT\cs.CloudStorage\tests\LagoVista.StorageProvider.Tests\bin\Debug\net9.0\LagoVista.StorageProvider.Tests.dll" adapterTypeName="executor://mstestadapter/v2" className="LagoVista.StorageProvider.Tests.Cassandra.CassandraActivityRecordStoreIntegrationTests" name="InsertAndQueryAsync_SatisfiesCoreActivityRecordContract" />
    </UnitTest>
    <UnitTest name="Retention_ExpiresRecordsUsingTableDefaultTtl" storage="d:\nuviot\cs.cloudstorage\tests\lagovista.storageprovider.tests\bin\debug\net9.0\lagovista.storageprovider.tests.dll" id="846358b5-0f0d-1bf8-e496-d4b59ef4ecf0">
      <TestCategory>
        <TestCategoryItem TestCategory="Cassandra" />
        <TestCategoryItem TestCategory="CassandraActivityRecord" />
      </TestCategory>
      <Execution id="e4ddff1a-349a-4459-b2d9-52abbda54cf8" />
      <TestMethod codeBase="D:\NuvIoT\cs.CloudStorage\tests\LagoVista.StorageProvider.Tests\bin\Debug\net9.0\LagoVista.StorageProvider.Tests.dll" adapterTypeName="executor://mstestadapter/v2" className="LagoVista.StorageProvider.Tests.Cassandra.CassandraActivityRecordStoreAdvancedIntegrationTests" name="Retention_ExpiresRecordsUsingTableDefaultTtl" />
    </UnitTest>
    <UnitTest name="QueryAsync_SpansMonthlyTimeBucketsInNewestFirstOrder" storage="d:\nuviot\cs.cloudstorage\tests\lagovista.storageprovider.tests\bin\debug\net9.0\lagovista.storageprovider.tests.dll" id="b40e9771-6585-3ec7-6d4f-8dea979e9da2">
      <TestCategory>
        <TestCategoryItem TestCategory="Cassandra" />
        <TestCategoryItem TestCategory="CassandraActivityRecord" />
      </TestCategory>
      <Execution id="140b42b3-d98b-4237-af97-1a4e686db4b5" />
      <TestMethod codeBase="D:\NuvIoT\cs.CloudStorage\tests\LagoVista.StorageProvider.Tests\bin\Debug\net9.0\LagoVista.StorageProvider.Tests.dll" adapterTypeName="executor://mstestadapter/v2" className="LagoVista.StorageProvider.Tests.Cassandra.CassandraActivityRecordStoreAdvancedIntegrationTests" name="QueryAsync_SpansMonthlyTimeBucketsInNewestFirstOrder" />
    </UnitTest>
  </TestDefinitions>
  <TestEntries>
    <TestEntry testId="984dfb7d-eab9-6194-00cd-f99c2e08537b" executionId="675fa6eb-1482-40e6-b966-c5c8208481b8" testListId="8c84fa94-04c1-424b-9868-57a2d4851a1d" />
    <TestEntry testId="846358b5-0f0d-1bf8-e496-d4b59ef4ecf0" executionId="e4ddff1a-349a-4459-b2d9-52abbda54cf8" testListId="8c84fa94-04c1-424b-9868-57a2d4851a1d" />
    <TestEntry testId="b40e9771-6585-3ec7-6d4f-8dea979e9da2" executionId="140b42b3-d98b-4237-af97-1a4e686db4b5" testListId="8c84fa94-04c1-424b-9868-57a2d4851a1d" />
    <TestEntry testId="af144c9c-6be1-2135-57fa-597622bbb195" executionId="c0371263-4869-4555-8728-7dbeee5cfe17" testListId="8c84fa94-04c1-424b-9868-57a2d4851a1d" />
  </TestEntries>
  <TestLists>
    <TestList name="Results Not in a List" id="8c84fa94-04c1-424b-9868-57a2d4851a1d" />
    <TestList name="All Loaded Results" id="19431567-8539-422a-85d7-44ee4e166bda" />
  </TestLists>
  <ResultSummary outcome="Completed">
    <Counters total="4" executed="4" passed="4" failed="0" error="0" timeout="0" aborted="0" inconclusive="0" passedButRunAborted="0" notRunnable="0" notExecuted="0" disconnected="0" warning="0" completed="0" inProgress="0" pending="0" />
    <Output>
      <StdOut>NUnit Adapter 5.1.0.0: Test execution started&#xD;
Running selected tests in D:\NuvIoT\cs.CloudStorage\tests\LagoVista.StorageProvider.Tests\bin\Debug\net9.0\LagoVista.StorageProvider.Tests.dll&#xD;
   NUnit3TestExecutor discovered 0 of 0 NUnit test cases using Current Discovery mode, Explicit run&#xD;
NUnit Adapter 5.1.0.0: Test execution complete&#xD;
</StdOut>
    </Output>
  </ResultSummary>
</TestRun>