<?xml version="1.0" encoding="utf-8"?>
<TestRun id="d733dd80-1c0e-48fe-ad75-a27cf005fdcc" name="kevin@BEAST-LAPTOP 2026-08-27 14:41:53" runUser="BEAST-LAPTOP\kevin" xmlns="http://microsoft.com/schemas/VisualStudio/TeamTest/2010">
  <Times creation="2026-08-27T14:41:53.7955371-04:00" queuing="2026-08-27T14:41:53.7955385-04:00" start="2026-08-27T14:41:51.8252023-04:00" finish="2026-08-27T14:41:59.2086629-04:00" />
  <TestSettings name="default" id="169d7964-61e7-426a-b1d9-741b363500d3">
    <Deployment runDeploymentRoot="kevin_BEAST-LAPTOP_2026-08-27_14_41_53" />
  </TestSettings>
  <Results>
    <UnitTestResult executionId="6a5a92a3-bff7-4da0-9b7f-86fa5e625d0a" testId="eaa1399c-7ad2-3706-c09f-f7b742e0f547" testName="QueryAsync_AllPeriodDoesNotRequireTimeBucketsAndStillHonorsDateRange" computerName="BEAST-LAPTOP" duration="00:00:00.4425668" startTime="2026-08-27T14:41:53.9345849-04:00" endTime="2026-08-27T14:41:54.3773475-04:00" testType="13cdc9d9-ddb5-4fa4-a97d-d965ccfc6d4b" outcome="Passed" testListId="8c84fa94-04c1-424b-9868-57a2d4851a1d" relativeResultsDirectory="6a5a92a3-bff7-4da0-9b7f-86fa5e625d0a" />
    <UnitTestResult executionId="c4da2d9c-f4f3-4f77-bf43-f1d67670b851" testId="54ea0a0d-d7f4-4219-52d6-a9cd24fd3e9c" testName="UnsupportedPropertyType_FailsDuringStoreConstruction" computerName="BEAST-LAPTOP" duration="00:00:00.0017984" startTime="2026-08-27T14:41:59.0835066-04:00" endTime="2026-08-27T14:41:59.0861610-04:00" testType="13cdc9d9-ddb5-4fa4-a97d-d965ccfc6d4b" outcome="Passed" testListId="8c84fa94-04c1-424b-9868-57a2d4851a1d" relativeResultsDirectory="c4da2d9c-f4f3-4f77-bf43-f1d67670b851" />
    <UnitTestResult executionId="0dc894f1-4bbb-4e79-83f9-2b3f5ddb536e" testId="b3543aef-461d-5a8e-b20d-6194c7e8caf0" testName="QueryAsync_SpansYearlyTimeBucketsAcrossYearBoundary" computerName="BEAST-LAPTOP" duration="00:00:00.5374897" startTime="2026-08-27T14:41:53.3966411-04:00" endTime="2026-08-27T14:41:53.9344203-04:00" testType="13cdc9d9-ddb5-4fa4-a97d-d965ccfc6d4b" outcome="Passed" testListId="8c84fa94-04c1-424b-9868-57a2d4851a1d" relativeResultsDirectory="0dc894f1-4bbb-4e79-83f9-2b3f5ddb536e" />
    <UnitTestResult executionId="7d0414ef-0bfc-46ea-85bb-6690cbb9eed3" testId="af144c9c-6be1-2135-57fa-597622bbb195" testName="InsertAndQueryAsync_SatisfiesCoreActivityRecordContract" computerName="BEAST-LAPTOP" duration="00:00:00.1607614" startTime="2026-08-27T14:41:58.7525959-04:00" endTime="2026-08-27T14:41:58.9136167-04:00" testType="13cdc9d9-ddb5-4fa4-a97d-d965ccfc6d4b" outcome="Passed" testListId="8c84fa94-04c1-424b-9868-57a2d4851a1d" relativeResultsDirectory="7d0414ef-0bfc-46ea-85bb-6690cbb9eed3" />
    <UnitTestResult executionId="63586b0f-bf6f-4335-a880-2895362dc363" testId="95fff7df-6d56-09e9-26b9-ff223131d2d2" testName="SupportedScalarTypes_RoundTripThroughCassandra" computerName="BEAST-LAPTOP" duration="00:00:00.1692564" startTime="2026-08-27T14:41:58.9137211-04:00" endTime="2026-08-27T14:41:59.0832200-04:00" testType="13cdc9d9-ddb5-4fa4-a97d-d965ccfc6d4b" outcome="Passed" testListId="8c84fa94-04c1-424b-9868-57a2d4851a1d" relativeResultsDirectory="63586b0f-bf6f-4335-a880-2895362dc363" />
    <UnitTestResult executionId="76903375-a3a5-4018-8075-87d3e7e4e947" testId="e66fa4dd-c109-7602-ab92-5f70e1accda3" testName="QueryAsync_SpansQuarterlyTimeBucketsAcrossQuarterBoundary" computerName="BEAST-LAPTOP" duration="00:00:00.6317004" startTime="2026-08-27T14:41:52.7630304-04:00" endTime="2026-08-27T14:41:53.3953980-04:00" testType="13cdc9d9-ddb5-4fa4-a97d-d965ccfc6d4b" outcome="Passed" testListId="8c84fa94-04c1-424b-9868-57a2d4851a1d" relativeResultsDirectory="76903375-a3a5-4018-8075-87d3e7e4e947" />
    <UnitTestResult executionId="a0308dcc-1eba-4672-8f40-147512ec7217" testId="846358b5-0f0d-1bf8-e496-d4b59ef4ecf0" testName="Retention_ExpiresRecordsUsingTableDefaultTtl" computerName="BEAST-LAPTOP" duration="00:00:04.1995741" startTime="2026-08-27T14:41:54.5517412-04:00" endTime="2026-08-27T14:41:58.7521860-04:00" testType="13cdc9d9-ddb5-4fa4-a97d-d965ccfc6d4b" outcome="Passed" testListId="8c84fa94-04c1-424b-9868-57a2d4851a1d" relativeResultsDirectory="a0308dcc-1eba-4672-8f40-147512ec7217" />
    <UnitTestResult executionId="4959b141-6548-4251-9833-844ad628ffbb" testId="984dfb7d-eab9-6194-00cd-f99c2e08537b" testName="QueryAsync_FiltersOnDeclaredSaiIndex" computerName="BEAST-LAPTOP" duration="00:00:00.1738579" startTime="2026-08-27T14:41:54.3775180-04:00" endTime="2026-08-27T14:41:54.5516119-04:00" testType="13cdc9d9-ddb5-4fa4-a97d-d965ccfc6d4b" outcome="Passed" testListId="8c84fa94-04c1-424b-9868-57a2d4851a1d" relativeResultsDirectory="4959b141-6548-4251-9833-844ad628ffbb" />
    <UnitTestResult executionId="b4411843-601d-428a-ad97-aacc37a90694" testId="b40e9771-6585-3ec7-6d4f-8dea979e9da2" testName="QueryAsync_SpansMonthlyTimeBucketsInNewestFirstOrder" computerName="BEAST-LAPTOP" duration="00:00:00.4018314" startTime="2026-08-27T14:41:52.3423107-04:00" endTime="2026-08-27T14:41:52.7587345-04:00" testType="13cdc9d9-ddb5-4fa4-a97d-d965ccfc6d4b" outcome="Passed" testListId="8c84fa94-04c1-424b-9868-57a2d4851a1d" relativeResultsDirectory="b4411843-601d-428a-ad97-aacc37a90694" />
  </Results>
  <TestDefinitions>
    <UnitTest name="QueryAsync_SpansQuarterlyTimeBucketsAcrossQuarterBoundary" storage="d:\nuviot\cs.cloudstorage\tests\lagovista.storageprovider.tests\bin\debug\net9.0\lagovista.storageprovider.tests.dll" id="e66fa4dd-c109-7602-ab92-5f70e1accda3">
      <TestCategory>
        <TestCategoryItem TestCategory="Cassandra" />
        <TestCategoryItem TestCategory="CassandraActivityRecord" />
      </TestCategory>
      <Execution id="76903375-a3a5-4018-8075-87d3e7e4e947" />
      <TestMethod codeBase="D:\NuvIoT\cs.CloudStorage\tests\LagoVista.StorageProvider.Tests\bin\Debug\net9.0\LagoVista.StorageProvider.Tests.dll" adapterTypeName="executor://mstestadapter/v2" className="LagoVista.StorageProvider.Tests.Cassandra.CassandraActivityRecordStoreAdvancedIntegrationTests" name="QueryAsync_SpansQuarterlyTimeBucketsAcrossQuarterBoundary" />
    </UnitTest>
    <UnitTest name="QueryAsync_FiltersOnDeclaredSaiIndex" storage="d:\nuviot\cs.cloudstorage\tests\lagovista.storageprovider.tests\bin\debug\net9.0\lagovista.storageprovider.tests.dll" id="984dfb7d-eab9-6194-00cd-f99c2e08537b">
      <TestCategory>
        <TestCategoryItem TestCategory="Cassandra" />
        <TestCategoryItem TestCategory="CassandraActivityRecord" />
      </TestCategory>
      <Execution id="4959b141-6548-4251-9833-844ad628ffbb" />
      <TestMethod codeBase="D:\NuvIoT\cs.CloudStorage\tests\LagoVista.StorageProvider.Tests\bin\Debug\net9.0\LagoVista.StorageProvider.Tests.dll" adapterTypeName="executor://mstestadapter/v2" className="LagoVista.StorageProvider.Tests.Cassandra.CassandraActivityRecordStoreAdvancedIntegrationTests" name="QueryAsync_FiltersOnDeclaredSaiIndex" />
    </UnitTest>
    <UnitTest name="InsertAndQueryAsync_SatisfiesCoreActivityRecordContract" storage="d:\nuviot\cs.cloudstorage\tests\lagovista.storageprovider.tests\bin\debug\net9.0\lagovista.storageprovider.tests.dll" id="af144c9c-6be1-2135-57fa-597622bbb195">
      <TestCategory>
        <TestCategoryItem TestCategory="Cassandra" />
        <TestCategoryItem TestCategory="CassandraActivityRecord" />
      </TestCategory>
      <Execution id="7d0414ef-0bfc-46ea-85bb-6690cbb9eed3" />
      <TestMethod codeBase="D:\NuvIoT\cs.CloudStorage\tests\LagoVista.StorageProvider.Tests\bin\Debug\net9.0\LagoVista.StorageProvider.Tests.dll" adapterTypeName="executor://mstestadapter/v2" className="LagoVista.StorageProvider.Tests.Cassandra.CassandraActivityRecordStoreIntegrationTests" name="InsertAndQueryAsync_SatisfiesCoreActivityRecordContract" />
    </UnitTest>
    <UnitTest name="SupportedScalarTypes_RoundTripThroughCassandra" storage="d:\nuviot\cs.cloudstorage\tests\lagovista.storageprovider.tests\bin\debug\net9.0\lagovista.storageprovider.tests.dll" id="95fff7df-6d56-09e9-26b9-ff223131d2d2">
      <TestCategory>
        <TestCategoryItem TestCategory="Cassandra" />
        <TestCategoryItem TestCategory="CassandraActivityRecord" />
      </TestCategory>
      <Execution id="63586b0f-bf6f-4335-a880-2895362dc363" />
      <TestMethod codeBase="D:\NuvIoT\cs.CloudStorage\tests\LagoVista.StorageProvider.Tests\bin\Debug\net9.0\LagoVista.StorageProvider.Tests.dll" adapterTypeName="executor://mstestadapter/v2" className="LagoVista.StorageProvider.Tests.Cassandra.CassandraRecordMapIntegrationTests" name="SupportedScalarTypes_RoundTripThroughCassandra" />
    </UnitTest>
    <UnitTest name="UnsupportedPropertyType_FailsDuringStoreConstruction" storage="d:\nuviot\cs.cloudstorage\tests\lagovista.storageprovider.tests\bin\debug\net9.0\lagovista.storageprovider.tests.dll" id="54ea0a0d-d7f4-4219-52d6-a9cd24fd3e9c">
      <TestCategory>
        <TestCategoryItem TestCategory="Cassandra" />
        <TestCategoryItem TestCategory="CassandraActivityRecord" />
      </TestCategory>
      <Execution id="c4da2d9c-f4f3-4f77-bf43-f1d67670b851" />
      <TestMethod codeBase="D:\NuvIoT\cs.CloudStorage\tests\LagoVista.StorageProvider.Tests\bin\Debug\net9.0\LagoVista.StorageProvider.Tests.dll" adapterTypeName="executor://mstestadapter/v2" className="LagoVista.StorageProvider.Tests.Cassandra.CassandraRecordMapIntegrationTests" name="UnsupportedPropertyType_FailsDuringStoreConstruction" />
    </UnitTest>
    <UnitTest name="Retention_ExpiresRecordsUsingTableDefaultTtl" storage="d:\nuviot\cs.cloudstorage\tests\lagovista.storageprovider.tests\bin\debug\net9.0\lagovista.storageprovider.tests.dll" id="846358b5-0f0d-1bf8-e496-d4b59ef4ecf0">
      <TestCategory>
        <TestCategoryItem TestCategory="Cassandra" />
        <TestCategoryItem TestCategory="CassandraActivityRecord" />
      </TestCategory>
      <Execution id="a0308dcc-1eba-4672-8f40-147512ec7217" />
      <TestMethod codeBase="D:\NuvIoT\cs.CloudStorage\tests\LagoVista.StorageProvider.Tests\bin\Debug\net9.0\LagoVista.StorageProvider.Tests.dll" adapterTypeName="executor://mstestadapter/v2" className="LagoVista.StorageProvider.Tests.Cassandra.CassandraActivityRecordStoreAdvancedIntegrationTests" name="Retention_ExpiresRecordsUsingTableDefaultTtl" />
    </UnitTest>
    <UnitTest name="QueryAsync_SpansMonthlyTimeBucketsInNewestFirstOrder" storage="d:\nuviot\cs.cloudstorage\tests\lagovista.storageprovider.tests\bin\debug\net9.0\lagovista.storageprovider.tests.dll" id="b40e9771-6585-3ec7-6d4f-8dea979e9da2">
      <TestCategory>
        <TestCategoryItem TestCategory="Cassandra" />
        <TestCategoryItem TestCategory="CassandraActivityRecord" />
      </TestCategory>
      <Execution id="b4411843-601d-428a-ad97-aacc37a90694" />
      <TestMethod codeBase="D:\NuvIoT\cs.CloudStorage\tests\LagoVista.StorageProvider.Tests\bin\Debug\net9.0\LagoVista.StorageProvider.Tests.dll" adapterTypeName="executor://mstestadapter/v2" className="LagoVista.StorageProvider.Tests.Cassandra.CassandraActivityRecordStoreAdvancedIntegrationTests" name="QueryAsync_SpansMonthlyTimeBucketsInNewestFirstOrder" />
    </UnitTest>
    <UnitTest name="QueryAsync_SpansYearlyTimeBucketsAcrossYearBoundary" storage="d:\nuviot\cs.cloudstorage\tests\lagovista.storageprovider.tests\bin\debug\net9.0\lagovista.storageprovider.tests.dll" id="b3543aef-461d-5a8e-b20d-6194c7e8caf0">
      <TestCategory>
        <TestCategoryItem TestCategory="Cassandra" />
        <TestCategoryItem TestCategory="CassandraActivityRecord" />
      </TestCategory>
      <Execution id="0dc894f1-4bbb-4e79-83f9-2b3f5ddb536e" />
      <TestMethod codeBase="D:\NuvIoT\cs.CloudStorage\tests\LagoVista.StorageProvider.Tests\bin\Debug\net9.0\LagoVista.StorageProvider.Tests.dll" adapterTypeName="executor://mstestadapter/v2" className="LagoVista.StorageProvider.Tests.Cassandra.CassandraActivityRecordStoreAdvancedIntegrationTests" name="QueryAsync_SpansYearlyTimeBucketsAcrossYearBoundary" />
    </UnitTest>
    <UnitTest name="QueryAsync_AllPeriodDoesNotRequireTimeBucketsAndStillHonorsDateRange" storage="d:\nuviot\cs.cloudstorage\tests\lagovista.storageprovider.tests\bin\debug\net9.0\lagovista.storageprovider.tests.dll" id="eaa1399c-7ad2-3706-c09f-f7b742e0f547">
      <TestCategory>
        <TestCategoryItem TestCategory="Cassandra" />
        <TestCategoryItem TestCategory="CassandraActivityRecord" />
      </TestCategory>
      <Execution id="6a5a92a3-bff7-4da0-9b7f-86fa5e625d0a" />
      <TestMethod codeBase="D:\NuvIoT\cs.CloudStorage\tests\LagoVista.StorageProvider.Tests\bin\Debug\net9.0\LagoVista.StorageProvider.Tests.dll" adapterTypeName="executor://mstestadapter/v2" className="LagoVista.StorageProvider.Tests.Cassandra.CassandraActivityRecordStoreAdvancedIntegrationTests" name="QueryAsync_AllPeriodDoesNotRequireTimeBucketsAndStillHonorsDateRange" />
    </UnitTest>
  </TestDefinitions>
  <TestEntries>
    <TestEntry testId="eaa1399c-7ad2-3706-c09f-f7b742e0f547" executionId="6a5a92a3-bff7-4da0-9b7f-86fa5e625d0a" testListId="8c84fa94-04c1-424b-9868-57a2d4851a1d" />
    <TestEntry testId="54ea0a0d-d7f4-4219-52d6-a9cd24fd3e9c" executionId="c4da2d9c-f4f3-4f77-bf43-f1d67670b851" testListId="8c84fa94-04c1-424b-9868-57a2d4851a1d" />
    <TestEntry testId="b3543aef-461d-5a8e-b20d-6194c7e8caf0" executionId="0dc894f1-4bbb-4e79-83f9-2b3f5ddb536e" testListId="8c84fa94-04c1-424b-9868-57a2d4851a1d" />
    <TestEntry testId="af144c9c-6be1-2135-57fa-597622bbb195" executionId="7d0414ef-0bfc-46ea-85bb-6690cbb9eed3" testListId="8c84fa94-04c1-424b-9868-57a2d4851a1d" />
    <TestEntry testId="95fff7df-6d56-09e9-26b9-ff223131d2d2" executionId="63586b0f-bf6f-4335-a880-2895362dc363" testListId="8c84fa94-04c1-424b-9868-57a2d4851a1d" />
    <TestEntry testId="e66fa4dd-c109-7602-ab92-5f70e1accda3" executionId="76903375-a3a5-4018-8075-87d3e7e4e947" testListId="8c84fa94-04c1-424b-9868-57a2d4851a1d" />
    <TestEntry testId="846358b5-0f0d-1bf8-e496-d4b59ef4ecf0" executionId="a0308dcc-1eba-4672-8f40-147512ec7217" testListId="8c84fa94-04c1-424b-9868-57a2d4851a1d" />
    <TestEntry testId="984dfb7d-eab9-6194-00cd-f99c2e08537b" executionId="4959b141-6548-4251-9833-844ad628ffbb" testListId="8c84fa94-04c1-424b-9868-57a2d4851a1d" />
    <TestEntry testId="b40e9771-6585-3ec7-6d4f-8dea979e9da2" executionId="b4411843-601d-428a-ad97-aacc37a90694" testListId="8c84fa94-04c1-424b-9868-57a2d4851a1d" />
  </TestEntries>
  <TestLists>
    <TestList name="Results Not in a List" id="8c84fa94-04c1-424b-9868-57a2d4851a1d" />
    <TestList name="All Loaded Results" id="19431567-8539-422a-85d7-44ee4e166bda" />
  </TestLists>
  <ResultSummary outcome="Completed">
    <Counters total="9" executed="9" passed="9" failed="0" error="0" timeout="0" aborted="0" inconclusive="0" passedButRunAborted="0" notRunnable="0" notExecuted="0" disconnected="0" warning="0" completed="0" inProgress="0" pending="0" />
    <Output>
      <StdOut>NUnit Adapter 5.1.0.0: Test execution started&#xD;
Running selected tests in D:\NuvIoT\cs.CloudStorage\tests\LagoVista.StorageProvider.Tests\bin\Debug\net9.0\LagoVista.StorageProvider.Tests.dll&#xD;
   NUnit3TestExecutor discovered 0 of 0 NUnit test cases using Current Discovery mode, Explicit run&#xD;
NUnit Adapter 5.1.0.0: Test execution complete&#xD;
</StdOut>
    </Output>
  </ResultSummary>
</TestRun>