<?xml version="1.0" encoding="utf-8"?>
<TestRun id="11ed7a1c-ec8f-4cc3-b433-eefde1ff65d6" name="kevin@BEAST-LAPTOP 2026-08-26 18:27:38" runUser="BEAST-LAPTOP\kevin" xmlns="http://microsoft.com/schemas/VisualStudio/TeamTest/2010">
  <Times creation="2026-08-26T18:27:38.9768530-04:00" queuing="2026-08-26T18:27:38.9768534-04:00" start="2026-08-26T18:27:37.6078629-04:00" finish="2026-08-26T18:27:38.9820607-04:00" />
  <TestSettings name="default" id="aabba07d-f546-4961-b7b2-2f94811fa586">
    <Deployment runDeploymentRoot="kevin_BEAST-LAPTOP_2026-08-26_18_27_38" />
  </TestSettings>
  <Results>
    <UnitTestResult executionId="0ecd3fb3-4d81-4573-ae7b-2218d32fb45f" testId="af144c9c-6be1-2135-57fa-597622bbb195" testName="InsertAndQueryAsync_SatisfiesCoreActivityRecordContract" computerName="BEAST-LAPTOP" duration="00:00:00.6773581" startTime="2026-08-26T18:27:38.1087003-04:00" endTime="2026-08-26T18:27:38.8070962-04:00" testType="13cdc9d9-ddb5-4fa4-a97d-d965ccfc6d4b" outcome="Failed" testListId="8c84fa94-04c1-424b-9868-57a2d4851a1d" relativeResultsDirectory="0ecd3fb3-4d81-4573-ae7b-2218d32fb45f">
      <Output>
        <ErrorInfo>
          <Message>Assert.IsFalse failed. </Message>
          <StackTrace>   at LagoVista.StorageProvider.Tests.Cassandra.CassandraActivityRecordStoreIntegrationTests.InsertAndQueryAsync_SatisfiesCoreActivityRecordContract() in D:\NuvIoT\cs.CloudStorage\tests\LagoVista.StorageProvider.Tests\Cassandra\CassandraActivityRecordStoreIntegrationTests.cs:line 118&#xD;
</StackTrace>
        </ErrorInfo>
      </Output>
    </UnitTestResult>
  </Results>
  <TestDefinitions>
    <UnitTest name="InsertAndQueryAsync_SatisfiesCoreActivityRecordContract" storage="d:\nuviot\cs.cloudstorage\tests\lagovista.storageprovider.tests\bin\debug\net9.0\lagovista.storageprovider.tests.dll" id="af144c9c-6be1-2135-57fa-597622bbb195">
      <TestCategory>
        <TestCategoryItem TestCategory="CassandraActivityRecord" />
        <TestCategoryItem TestCategory="Cassandra" />
      </TestCategory>
      <Execution id="0ecd3fb3-4d81-4573-ae7b-2218d32fb45f" />
      <TestMethod codeBase="D:\NuvIoT\cs.CloudStorage\tests\LagoVista.StorageProvider.Tests\bin\Debug\net9.0\LagoVista.StorageProvider.Tests.dll" adapterTypeName="executor://mstestadapter/v2" className="LagoVista.StorageProvider.Tests.Cassandra.CassandraActivityRecordStoreIntegrationTests" name="InsertAndQueryAsync_SatisfiesCoreActivityRecordContract" />
    </UnitTest>
  </TestDefinitions>
  <TestEntries>
    <TestEntry testId="af144c9c-6be1-2135-57fa-597622bbb195" executionId="0ecd3fb3-4d81-4573-ae7b-2218d32fb45f" testListId="8c84fa94-04c1-424b-9868-57a2d4851a1d" />
  </TestEntries>
  <TestLists>
    <TestList name="Results Not in a List" id="8c84fa94-04c1-424b-9868-57a2d4851a1d" />
    <TestList name="All Loaded Results" id="19431567-8539-422a-85d7-44ee4e166bda" />
  </TestLists>
  <ResultSummary outcome="Failed">
    <Counters total="1" executed="1" passed="0" failed="1" error="0" timeout="0" aborted="0" inconclusive="0" passedButRunAborted="0" notRunnable="0" notExecuted="0" disconnected="0" warning="0" completed="0" inProgress="0" pending="0" />
    <Output>
      <StdOut>NUnit Adapter 5.1.0.0: Test execution started&#xD;
Running selected tests in D:\NuvIoT\cs.CloudStorage\tests\LagoVista.StorageProvider.Tests\bin\Debug\net9.0\LagoVista.StorageProvider.Tests.dll&#xD;
   NUnit3TestExecutor discovered 0 of 0 NUnit test cases using Current Discovery mode, Explicit run&#xD;
NUnit Adapter 5.1.0.0: Test execution complete&#xD;
</StdOut>
    </Output>
  </ResultSummary>
</TestRun>