<?xml version="1.0" encoding="utf-8"?>
<TestRun id="74c37710-bc3d-431f-b542-66043ee889a5" name="kevin@BEAST-LAPTOP 2026-08-26 19:42:47" runUser="BEAST-LAPTOP\kevin" xmlns="http://microsoft.com/schemas/VisualStudio/TeamTest/2010">
  <Times creation="2026-08-26T19:42:47.0928836-04:00" queuing="2026-08-26T19:42:47.0928840-04:00" start="2026-08-26T19:42:45.7685900-04:00" finish="2026-08-26T19:42:47.0974562-04:00" />
  <TestSettings name="default" id="bc6b0cfc-8fd1-4697-81a2-689dd35ddd05">
    <Deployment runDeploymentRoot="kevin_BEAST-LAPTOP_2026-08-26_19_42_47" />
  </TestSettings>
  <Results>
    <UnitTestResult executionId="130e6512-6edf-4866-86ff-4496a6f0bf69" testId="308a3206-f704-8902-f1b2-ca99a9102232" testName="DefinitionRegistration_ProvisioningAndDI_SatisfyContract" computerName="BEAST-LAPTOP" duration="00:00:00.2828531" startTime="2026-08-26T19:42:46.4378504-04:00" endTime="2026-08-26T19:42:46.7396791-04:00" testType="13cdc9d9-ddb5-4fa4-a97d-d965ccfc6d4b" outcome="Passed" testListId="8c84fa94-04c1-424b-9868-57a2d4851a1d" relativeResultsDirectory="130e6512-6edf-4866-86ff-4496a6f0bf69" />
    <UnitTestResult executionId="00017aba-cdfe-4b68-8aff-3a1e951162ad" testId="9ca8241f-5d56-76a9-c0ee-54c71052cc05" testName="DefinitionAndDimensionValidation_RejectInvalidWritesAndQueries" computerName="BEAST-LAPTOP" duration="00:00:00.0480245" startTime="2026-08-26T19:42:46.8529059-04:00" endTime="2026-08-26T19:42:46.9023407-04:00" testType="13cdc9d9-ddb5-4fa4-a97d-d965ccfc6d4b" outcome="Passed" testListId="8c84fa94-04c1-424b-9868-57a2d4851a1d" relativeResultsDirectory="00017aba-cdfe-4b68-8aff-3a1e951162ad" />
    <UnitTestResult executionId="ed67c631-3031-475e-a599-026931730ce4" testId="1cb218c6-3cac-7e4c-cf62-b49feb632916" testName="RecordAndBatch_AllAggregatesAndRangeIsolation_SatisfyContract" computerName="BEAST-LAPTOP" duration="00:00:00.0718228" startTime="2026-08-26T19:42:46.7432798-04:00" endTime="2026-08-26T19:42:46.8154826-04:00" testType="13cdc9d9-ddb5-4fa4-a97d-d965ccfc6d4b" outcome="Passed" testListId="8c84fa94-04c1-424b-9868-57a2d4851a1d" relativeResultsDirectory="ed67c631-3031-475e-a599-026931730ce4" />
    <UnitTestResult executionId="95ad6bef-ed90-4f6e-a65b-a40df4db8be9" testId="6b030b94-f904-bd61-17a1-bc238b348c49" testName="BucketedDimensionFilterAndGrouping_SatisfyContract" computerName="BEAST-LAPTOP" duration="00:00:00.0367187" startTime="2026-08-26T19:42:46.8159864-04:00" endTime="2026-08-26T19:42:46.8528318-04:00" testType="13cdc9d9-ddb5-4fa4-a97d-d965ccfc6d4b" outcome="Passed" testListId="8c84fa94-04c1-424b-9868-57a2d4851a1d" relativeResultsDirectory="95ad6bef-ed90-4f6e-a65b-a40df4db8be9" />
  </Results>
  <TestDefinitions>
    <UnitTest name="DefinitionAndDimensionValidation_RejectInvalidWritesAndQueries" storage="d:\nuviot\cs.cloudstorage\tests\lagovista.storageprovider.tests\bin\debug\net9.0\lagovista.storageprovider.tests.dll" id="9ca8241f-5d56-76a9-c0ee-54c71052cc05">
      <TestCategory>
        <TestCategoryItem TestCategory="PostgresMetrics" />
      </TestCategory>
      <Execution id="00017aba-cdfe-4b68-8aff-3a1e951162ad" />
      <TestMethod codeBase="D:\NuvIoT\cs.CloudStorage\tests\LagoVista.StorageProvider.Tests\bin\Debug\net9.0\LagoVista.StorageProvider.Tests.dll" adapterTypeName="executor://mstestadapter/v2" className="LagoVista.StorageProvider.Tests.Postgres.PostgresMetricsStoreIntegrationTests" name="DefinitionAndDimensionValidation_RejectInvalidWritesAndQueries" />
    </UnitTest>
    <UnitTest name="DefinitionRegistration_ProvisioningAndDI_SatisfyContract" storage="d:\nuviot\cs.cloudstorage\tests\lagovista.storageprovider.tests\bin\debug\net9.0\lagovista.storageprovider.tests.dll" id="308a3206-f704-8902-f1b2-ca99a9102232">
      <TestCategory>
        <TestCategoryItem TestCategory="PostgresMetrics" />
      </TestCategory>
      <Execution id="130e6512-6edf-4866-86ff-4496a6f0bf69" />
      <TestMethod codeBase="D:\NuvIoT\cs.CloudStorage\tests\LagoVista.StorageProvider.Tests\bin\Debug\net9.0\LagoVista.StorageProvider.Tests.dll" adapterTypeName="executor://mstestadapter/v2" className="LagoVista.StorageProvider.Tests.Postgres.PostgresMetricsStoreIntegrationTests" name="DefinitionRegistration_ProvisioningAndDI_SatisfyContract" />
    </UnitTest>
    <UnitTest name="RecordAndBatch_AllAggregatesAndRangeIsolation_SatisfyContract" storage="d:\nuviot\cs.cloudstorage\tests\lagovista.storageprovider.tests\bin\debug\net9.0\lagovista.storageprovider.tests.dll" id="1cb218c6-3cac-7e4c-cf62-b49feb632916">
      <TestCategory>
        <TestCategoryItem TestCategory="PostgresMetrics" />
      </TestCategory>
      <Execution id="ed67c631-3031-475e-a599-026931730ce4" />
      <TestMethod codeBase="D:\NuvIoT\cs.CloudStorage\tests\LagoVista.StorageProvider.Tests\bin\Debug\net9.0\LagoVista.StorageProvider.Tests.dll" adapterTypeName="executor://mstestadapter/v2" className="LagoVista.StorageProvider.Tests.Postgres.PostgresMetricsStoreIntegrationTests" name="RecordAndBatch_AllAggregatesAndRangeIsolation_SatisfyContract" />
    </UnitTest>
    <UnitTest name="BucketedDimensionFilterAndGrouping_SatisfyContract" storage="d:\nuviot\cs.cloudstorage\tests\lagovista.storageprovider.tests\bin\debug\net9.0\lagovista.storageprovider.tests.dll" id="6b030b94-f904-bd61-17a1-bc238b348c49">
      <TestCategory>
        <TestCategoryItem TestCategory="PostgresMetrics" />
      </TestCategory>
      <Execution id="95ad6bef-ed90-4f6e-a65b-a40df4db8be9" />
      <TestMethod codeBase="D:\NuvIoT\cs.CloudStorage\tests\LagoVista.StorageProvider.Tests\bin\Debug\net9.0\LagoVista.StorageProvider.Tests.dll" adapterTypeName="executor://mstestadapter/v2" className="LagoVista.StorageProvider.Tests.Postgres.PostgresMetricsStoreIntegrationTests" name="BucketedDimensionFilterAndGrouping_SatisfyContract" />
    </UnitTest>
  </TestDefinitions>
  <TestEntries>
    <TestEntry testId="308a3206-f704-8902-f1b2-ca99a9102232" executionId="130e6512-6edf-4866-86ff-4496a6f0bf69" testListId="8c84fa94-04c1-424b-9868-57a2d4851a1d" />
    <TestEntry testId="9ca8241f-5d56-76a9-c0ee-54c71052cc05" executionId="00017aba-cdfe-4b68-8aff-3a1e951162ad" testListId="8c84fa94-04c1-424b-9868-57a2d4851a1d" />
    <TestEntry testId="1cb218c6-3cac-7e4c-cf62-b49feb632916" executionId="ed67c631-3031-475e-a599-026931730ce4" testListId="8c84fa94-04c1-424b-9868-57a2d4851a1d" />
    <TestEntry testId="6b030b94-f904-bd61-17a1-bc238b348c49" executionId="95ad6bef-ed90-4f6e-a65b-a40df4db8be9" testListId="8c84fa94-04c1-424b-9868-57a2d4851a1d" />
  </TestEntries>
  <TestLists>
    <TestList name="Results Not in a List" id="8c84fa94-04c1-424b-9868-57a2d4851a1d" />
    <TestList name="All Loaded Results" id="19431567-8539-422a-85d7-44ee4e166bda" />
  </TestLists>
  <ResultSummary outcome="Completed">
    <Counters total="4" executed="4" passed="4" failed="0" error="0" timeout="0" aborted="0" inconclusive="0" passedButRunAborted="0" notRunnable="0" notExecuted="0" disconnected="0" warning="0" completed="0" inProgress="0" pending="0" />
    <Output>
      <StdOut>NUnit Adapter 5.1.0.0: Test execution started&#xD;
Running selected tests in D:\NuvIoT\cs.CloudStorage\tests\LagoVista.StorageProvider.Tests\bin\Debug\net9.0\LagoVista.StorageProvider.Tests.dll&#xD;
   NUnit3TestExecutor discovered 0 of 0 NUnit test cases using Current Discovery mode, Explicit run&#xD;
NUnit Adapter 5.1.0.0: Test execution complete&#xD;
</StdOut>
    </Output>
  </ResultSummary>
</TestRun>