<?xml version="1.0" encoding="utf-8"?>
<TestRun id="cd1d6a1a-e844-4678-b7ff-4c02060e38ac" name="kevin@BEAST-LAPTOP 2026-08-26 16:01:12" runUser="BEAST-LAPTOP\kevin" xmlns="http://microsoft.com/schemas/VisualStudio/TeamTest/2010">
  <Times creation="2026-08-26T16:01:12.8042120-04:00" queuing="2026-08-26T16:01:12.8042122-04:00" start="2026-08-26T16:01:11.8712648-04:00" finish="2026-08-26T16:01:12.8086794-04:00" />
  <TestSettings name="default" id="ad56486e-0add-400d-bbe3-1095b148f3cb">
    <Deployment runDeploymentRoot="kevin_BEAST-LAPTOP_2026-08-26_16_01_12" />
  </TestSettings>
  <Results>
    <UnitTestResult executionId="112f42ff-92cf-4536-8311-8ee669695f31" testId="b3739072-37ab-a09a-276f-2a0911835777" testName="UpsertQueryAndProviderOwnedTtl_WorkEndToEnd" computerName="BEAST-LAPTOP" duration="00:00:00.3308740" startTime="2026-08-26T16:01:12.2871954-04:00" endTime="2026-08-26T16:01:12.6307740-04:00" testType="13cdc9d9-ddb5-4fa4-a97d-d965ccfc6d4b" outcome="Passed" testListId="8c84fa94-04c1-424b-9868-57a2d4851a1d" relativeResultsDirectory="112f42ff-92cf-4536-8311-8ee669695f31" />
  </Results>
  <TestDefinitions>
    <UnitTest name="UpsertQueryAndProviderOwnedTtl_WorkEndToEnd" storage="d:\nuviot\cs.cloudstorage\tests\lagovista.storageprovider.tests\bin\debug\net9.0\lagovista.storageprovider.tests.dll" id="b3739072-37ab-a09a-276f-2a0911835777">
      <TestCategory>
        <TestCategoryItem TestCategory="Mongo" />
        <TestCategoryItem TestCategory="ScratchData" />
      </TestCategory>
      <Execution id="112f42ff-92cf-4536-8311-8ee669695f31" />
      <TestMethod codeBase="D:\NuvIoT\cs.CloudStorage\tests\LagoVista.StorageProvider.Tests\bin\Debug\net9.0\LagoVista.StorageProvider.Tests.dll" adapterTypeName="executor://mstestadapter/v2" className="LagoVista.StorageProvider.Tests.Mongo.MongoScratchStoreIntegrationTests" name="UpsertQueryAndProviderOwnedTtl_WorkEndToEnd" />
    </UnitTest>
  </TestDefinitions>
  <TestEntries>
    <TestEntry testId="b3739072-37ab-a09a-276f-2a0911835777" executionId="112f42ff-92cf-4536-8311-8ee669695f31" testListId="8c84fa94-04c1-424b-9868-57a2d4851a1d" />
  </TestEntries>
  <TestLists>
    <TestList name="Results Not in a List" id="8c84fa94-04c1-424b-9868-57a2d4851a1d" />
    <TestList name="All Loaded Results" id="19431567-8539-422a-85d7-44ee4e166bda" />
  </TestLists>
  <ResultSummary outcome="Completed">
    <Counters total="1" executed="1" passed="1" failed="0" error="0" timeout="0" aborted="0" inconclusive="0" passedButRunAborted="0" notRunnable="0" notExecuted="0" disconnected="0" warning="0" completed="0" inProgress="0" pending="0" />
    <Output>
      <StdOut>NUnit Adapter 5.1.0.0: Test execution started&#xD;
Running selected tests in D:\NuvIoT\cs.CloudStorage\tests\LagoVista.StorageProvider.Tests\bin\Debug\net9.0\LagoVista.StorageProvider.Tests.dll&#xD;
   NUnit3TestExecutor discovered 0 of 0 NUnit test cases using Current Discovery mode, Explicit run&#xD;
NUnit Adapter 5.1.0.0: Test execution complete&#xD;
</StdOut>
    </Output>
  </ResultSummary>
</TestRun>